2025-03-05 14:15:27,272 [PID-2313603] All simulation files for this run in: sim_2313603_20250305_141527
2025-03-05 14:15:27,272 [PID-2313603] Simulation directory created at: /home/seyitope/recent_ids_modell/results/simulation_results/simulation_20250305_141527
2025-03-05 14:15:27,277 [PID-2313603] CryptoManager initialized. Public key size: 65 bytes
2025-03-05 14:15:27,277 [PID-2313603] Initializing IDSMonitor with Adaptive Ensemble
2025-03-05 14:15:27,277 [PID-2313603] Loading cnn model from /home/seyitope/recent_ids_modell/results/models/cnn_model.pth
2025-03-05 14:15:27,317 [PID-2313603] Successfully loaded CNN model
2025-03-05 14:15:27,317 [PID-2313603] Loading lstm model from /home/seyitope/recent_ids_modell/results/models/lstm_model.pth
2025-03-05 14:15:27,468 [PID-2313603] Successfully loaded LSTM model
2025-03-05 14:15:27,468 [PID-2313603] Loading dnn model from /home/seyitope/recent_ids_modell/results/models/dnn_model.pth
2025-03-05 14:15:27,482 [PID-2313603] Successfully loaded DNN model
2025-03-05 14:15:27,484 [PID-2313603] Successfully loaded SVM model
2025-03-05 14:15:27,484 [PID-2313603] Error loading xgboost model: No module named 'xgboost'
2025-03-05 14:15:27,816 [PID-2313603] Successfully loaded RANDOMFOREST model
2025-03-05 14:15:27,816 [PID-2313603] Loaded ensemble of 5 models successfully
2025-03-05 14:15:27,816 [PID-2313603] Adaptive ensemble initialized with base weights
2025-03-05 14:15:27,816 [PID-2313603] Will start adapting after 100 labeled samples
2025-03-05 14:15:27,816 [PID-2313603] Registered 5 models with the ensemble
2025-03-05 14:15:27,817 [PID-2313603] Network simulation started
2025-03-05 14:15:27,819 [PID-2313603] Traffic encrypted
2025-03-05 14:15:27,820 [PID-2313603] SVM top feature importances:
2025-03-05 14:15:27,820 [PID-2313603]   1. ct_src_ltm: 5.416752
2025-03-05 14:15:27,820 [PID-2313603]   2. ct_srv_src: 3.678054
2025-03-05 14:15:27,820 [PID-2313603]   3. proto_swipe: 2.907495
2025-03-05 14:15:27,820 [PID-2313603]   4. ct_flw_http_mthd: 2.339838
2025-03-05 14:15:27,820 [PID-2313603]   5. proto_trunk-2: 1.604680
2025-03-05 14:15:27,948 [PID-2313603] RANDOMFOREST top feature importances:
2025-03-05 14:15:27,948 [PID-2313603]   1. ct_src_dport_ltm: 0.096288
2025-03-05 14:15:27,948 [PID-2313603]   2. sbytes: 0.065219
2025-03-05 14:15:27,948 [PID-2313603]   3. ct_srv_dst: 0.050297
2025-03-05 14:15:27,948 [PID-2313603]   4. ct_dst_src_ltm: 0.046515
2025-03-05 14:15:27,949 [PID-2313603]   5. is_ftp_login: 0.045752
2025-03-05 14:15:27,954 [PID-2313603] CNN prediction: 1.000000
2025-03-05 14:15:27,961 [PID-2313603] LSTM prediction: 0.036018
2025-03-05 14:15:27,962 [PID-2313603] DNN prediction: 1.000000
2025-03-05 14:15:27,963 [PID-2313603] SVM prediction: 0.000000
2025-03-05 14:15:28,020 [PID-2313603] RANDOMFOREST prediction: 0.637295
2025-03-05 14:15:28,020 [PID-2313603] CNN contribution: 0.120000
2025-03-05 14:15:28,020 [PID-2313603] LSTM contribution: 0.130000
2025-03-05 14:15:28,020 [PID-2313603] DNN contribution: 0.150000
2025-03-05 14:15:28,020 [PID-2313603] XGBOOST contribution: 0.250000
2025-03-05 14:15:28,020 [PID-2313603] RANDOMFOREST contribution: 0.250000
2025-03-05 14:15:28,020 [PID-2313603] SVM contribution: 0.100000
2025-03-05 14:15:28,020 [PID-2313603] Final ensemble probability: 0.434006
2025-03-05 14:15:28,026 [PID-2313603] CNN prediction: 1.000000
2025-03-05 14:15:28,028 [PID-2313603] LSTM prediction: 0.036018
2025-03-05 14:15:28,029 [PID-2313603] DNN prediction: 1.000000
2025-03-05 14:15:28,030 [PID-2313603] SVM prediction: 0.000000
2025-03-05 14:15:28,078 [PID-2313603] RANDOMFOREST prediction: 0.637295
2025-03-05 14:15:28,078 [PID-2313603] CNN contribution: 0.120000
2025-03-05 14:15:28,078 [PID-2313603] LSTM contribution: 0.130000
2025-03-05 14:15:28,078 [PID-2313603] DNN contribution: 0.150000
2025-03-05 14:15:28,078 [PID-2313603] XGBOOST contribution: 0.250000
2025-03-05 14:15:28,079 [PID-2313603] RANDOMFOREST contribution: 0.250000
2025-03-05 14:15:28,079 [PID-2313603] SVM contribution: 0.100000
2025-03-05 14:15:28,079 [PID-2313603] Final ensemble probability: 0.434006
2025-03-05 14:15:28,182 [PID-2313603] Traffic encrypted
2025-03-05 14:15:28,186 [PID-2313603] CNN prediction: 1.000000
2025-03-05 14:15:28,189 [PID-2313603] LSTM prediction: 0.156953
2025-03-05 14:15:28,190 [PID-2313603] DNN prediction: 1.000000
2025-03-05 14:15:28,190 [PID-2313603] SVM prediction: 0.000000
2025-03-05 14:15:28,246 [PID-2313603] RANDOMFOREST prediction: 0.639647
2025-03-05 14:15:28,247 [PID-2313603] CNN contribution: 0.120000
2025-03-05 14:15:28,247 [PID-2313603] LSTM contribution: 0.130000
2025-03-05 14:15:28,247 [PID-2313603] DNN contribution: 0.150000
2025-03-05 14:15:28,247 [PID-2313603] XGBOOST contribution: 0.250000
2025-03-05 14:15:28,247 [PID-2313603] RANDOMFOREST contribution: 0.250000
2025-03-05 14:15:28,247 [PID-2313603] SVM contribution: 0.100000
2025-03-05 14:15:28,247 [PID-2313603] Final ensemble probability: 0.450316
2025-03-05 14:15:28,251 [PID-2313603] CNN prediction: 1.000000
2025-03-05 14:15:28,254 [PID-2313603] LSTM prediction: 0.156953
2025-03-05 14:15:28,255 [PID-2313603] DNN prediction: 1.000000
2025-03-05 14:15:28,255 [PID-2313603] SVM prediction: 0.000000
2025-03-05 14:15:28,310 [PID-2313603] RANDOMFOREST prediction: 0.639647
2025-03-05 14:15:28,311 [PID-2313603] CNN contribution: 0.120000
2025-03-05 14:15:28,311 [PID-2313603] LSTM contribution: 0.130000
2025-03-05 14:15:28,311 [PID-2313603] DNN contribution: 0.150000
2025-03-05 14:15:28,311 [PID-2313603] XGBOOST contribution: 0.250000
2025-03-05 14:15:28,311 [PID-2313603] RANDOMFOREST contribution: 0.250000
2025-03-05 14:15:28,311 [PID-2313603] SVM contribution: 0.100000
2025-03-05 14:15:28,311 [PID-2313603] Final ensemble probability: 0.450316
2025-03-05 14:15:28,414 [PID-2313603] Traffic encrypted
2025-03-05 14:15:28,418 [PID-2313603] CNN prediction: 1.000000
2025-03-05 14:15:28,421 [PID-2313603] LSTM prediction: 0.401017
2025-03-05 14:15:28,421 [PID-2313603] DNN prediction: 1.000000
2025-03-05 14:15:28,422 [PID-2313603] SVM prediction: 1.000000
2025-03-05 14:15:28,473 [PID-2313603] RANDOMFOREST prediction: 0.646148
2025-03-05 14:15:28,473 [PID-2313603] CNN contribution: 0.120000
2025-03-05 14:15:28,473 [PID-2313603] LSTM contribution: 0.130000
2025-03-05 14:15:28,474 [PID-2313603] DNN contribution: 0.150000
2025-03-05 14:15:28,474 [PID-2313603] XGBOOST contribution: 0.250000
2025-03-05 14:15:28,474 [PID-2313603] RANDOMFOREST contribution: 0.250000
2025-03-05 14:15:28,474 [PID-2313603] SVM contribution: 0.100000
2025-03-05 14:15:28,474 [PID-2313603] Final ensemble probability: 0.583669
2025-03-05 14:15:28,478 [PID-2313603] CNN prediction: 1.000000
2025-03-05 14:15:28,480 [PID-2313603] LSTM prediction: 0.401017
2025-03-05 14:15:28,481 [PID-2313603] DNN prediction: 1.000000
2025-03-05 14:15:28,481 [PID-2313603] SVM prediction: 1.000000
2025-03-05 14:15:28,527 [PID-2313603] RANDOMFOREST prediction: 0.646148
2025-03-05 14:15:28,528 [PID-2313603] CNN contribution: 0.120000
2025-03-05 14:15:28,528 [PID-2313603] LSTM contribution: 0.130000
2025-03-05 14:15:28,528 [PID-2313603] DNN contribution: 0.150000
2025-03-05 14:15:28,528 [PID-2313603] XGBOOST contribution: 0.250000
2025-03-05 14:15:28,528 [PID-2313603] RANDOMFOREST contribution: 0.250000
2025-03-05 14:15:28,528 [PID-2313603] SVM contribution: 0.100000
2025-03-05 14:15:28,528 [PID-2313603] Final ensemble probability: 0.583669
2025-03-05 14:15:28,633 [PID-2313603] Traffic encrypted
2025-03-05 14:15:28,642 [PID-2313603] CNN prediction: 1.000000
2025-03-05 14:15:28,647 [PID-2313603] LSTM prediction: 0.999675
2025-03-05 14:15:28,648 [PID-2313603] DNN prediction: 1.000000
2025-03-05 14:15:28,649 [PID-2313603] SVM prediction: 1.000000
2025-03-05 14:15:28,718 [PID-2313603] RANDOMFOREST prediction: 0.650135
2025-03-05 14:15:28,719 [PID-2313603] CNN contribution: 0.120000
2025-03-05 14:15:28,719 [PID-2313603] LSTM contribution: 0.130000
2025-03-05 14:15:28,719 [PID-2313603] DNN contribution: 0.150000
2025-03-05 14:15:28,719 [PID-2313603] XGBOOST contribution: 0.250000
2025-03-05 14:15:28,719 [PID-2313603] RANDOMFOREST contribution: 0.250000
2025-03-05 14:15:28,719 [PID-2313603] SVM contribution: 0.100000
2025-03-05 14:15:28,719 [PID-2313603] Final ensemble probability: 0.662491
2025-03-05 14:15:28,724 [PID-2313603] CNN prediction: 1.000000
2025-03-05 14:15:28,727 [PID-2313603] LSTM prediction: 0.999675
2025-03-05 14:15:28,728 [PID-2313603] DNN prediction: 1.000000
2025-03-05 14:15:28,729 [PID-2313603] SVM prediction: 1.000000
2025-03-05 14:15:28,778 [PID-2313603] RANDOMFOREST prediction: 0.650135
2025-03-05 14:15:28,778 [PID-2313603] CNN contribution: 0.120000
2025-03-05 14:15:28,778 [PID-2313603] LSTM contribution: 0.130000
2025-03-05 14:15:28,778 [PID-2313603] DNN contribution: 0.150000
2025-03-05 14:15:28,778 [PID-2313603] XGBOOST contribution: 0.250000
2025-03-05 14:15:28,778 [PID-2313603] RANDOMFOREST contribution: 0.250000
2025-03-05 14:15:28,778 [PID-2313603] SVM contribution: 0.100000
2025-03-05 14:15:28,778 [PID-2313603] Final ensemble probability: 0.662491
2025-03-05 14:15:28,881 [PID-2313603] Traffic encrypted
2025-03-05 14:15:28,885 [PID-2313603] CNN prediction: 1.000000
2025-03-05 14:15:28,887 [PID-2313603] LSTM prediction: 0.029747
2025-03-05 14:15:28,887 [PID-2313603] DNN prediction: 1.000000
2025-03-05 14:15:28,888 [PID-2313603] SVM prediction: 0.000000
2025-03-05 14:15:28,949 [PID-2313603] RANDOMFOREST prediction: 0.653680
2025-03-05 14:15:28,950 [PID-2313603] CNN contribution: 0.120000
2025-03-05 14:15:28,950 [PID-2313603] LSTM contribution: 0.130000
2025-03-05 14:15:28,950 [PID-2313603] DNN contribution: 0.150000
2025-03-05 14:15:28,950 [PID-2313603] XGBOOST contribution: 0.250000
2025-03-05 14:15:28,950 [PID-2313603] RANDOMFOREST contribution: 0.250000
2025-03-05 14:15:28,950 [PID-2313603] SVM contribution: 0.100000
2025-03-05 14:15:28,951 [PID-2313603] Final ensemble probability: 0.437287
2025-03-05 14:15:28,955 [PID-2313603] CNN prediction: 1.000000
2025-03-05 14:15:28,958 [PID-2313603] LSTM prediction: 0.029747
2025-03-05 14:15:28,959 [PID-2313603] DNN prediction: 1.000000
2025-03-05 14:15:28,960 [PID-2313603] SVM prediction: 0.000000
2025-03-05 14:15:29,008 [PID-2313603] RANDOMFOREST prediction: 0.653680
2025-03-05 14:15:29,008 [PID-2313603] CNN contribution: 0.120000
2025-03-05 14:15:29,008 [PID-2313603] LSTM contribution: 0.130000
2025-03-05 14:15:29,008 [PID-2313603] DNN contribution: 0.150000
2025-03-05 14:15:29,009 [PID-2313603] XGBOOST contribution: 0.250000
2025-03-05 14:15:29,009 [PID-2313603] RANDOMFOREST contribution: 0.250000
2025-03-05 14:15:29,009 [PID-2313603] SVM contribution: 0.100000
2025-03-05 14:15:29,009 [PID-2313603] Final ensemble probability: 0.437287
2025-03-05 14:15:29,112 [PID-2313603] Traffic encrypted
2025-03-05 14:15:29,116 [PID-2313603] CNN prediction: 1.000000
2025-03-05 14:15:29,118 [PID-2313603] LSTM prediction: 0.167438
2025-03-05 14:15:29,119 [PID-2313603] DNN prediction: 1.000000
2025-03-05 14:15:29,119 [PID-2313603] SVM prediction: 0.000000
2025-03-05 14:15:29,173 [PID-2313603] RANDOMFOREST prediction: 0.630448
2025-03-05 14:15:29,173 [PID-2313603] CNN contribution: 0.120000
2025-03-05 14:15:29,173 [PID-2313603] LSTM contribution: 0.130000
2025-03-05 14:15:29,174 [PID-2313603] DNN contribution: 0.150000
2025-03-05 14:15:29,174 [PID-2313603] XGBOOST contribution: 0.250000
2025-03-05 14:15:29,174 [PID-2313603] RANDOMFOREST contribution: 0.250000
2025-03-05 14:15:29,174 [PID-2313603] SVM contribution: 0.100000
2025-03-05 14:15:29,174 [PID-2313603] Final ensemble probability: 0.449379
2025-03-05 14:15:29,178 [PID-2313603] CNN prediction: 1.000000
2025-03-05 14:15:29,180 [PID-2313603] LSTM prediction: 0.167438
2025-03-05 14:15:29,181 [PID-2313603] DNN prediction: 1.000000
2025-03-05 14:15:29,182 [PID-2313603] SVM prediction: 0.000000
2025-03-05 14:15:29,225 [PID-2313603] RANDOMFOREST prediction: 0.630448
2025-03-05 14:15:29,226 [PID-2313603] CNN contribution: 0.120000
2025-03-05 14:15:29,226 [PID-2313603] LSTM contribution: 0.130000
2025-03-05 14:15:29,226 [PID-2313603] DNN contribution: 0.150000
2025-03-05 14:15:29,226 [PID-2313603] XGBOOST contribution: 0.250000
2025-03-05 14:15:29,226 [PID-2313603] RANDOMFOREST contribution: 0.250000
2025-03-05 14:15:29,226 [PID-2313603] SVM contribution: 0.100000
2025-03-05 14:15:29,226 [PID-2313603] Final ensemble probability: 0.449379
2025-03-05 14:15:29,329 [PID-2313603] Traffic encrypted
2025-03-05 14:15:29,333 [PID-2313603] CNN prediction: 1.000000
2025-03-05 14:15:29,336 [PID-2313603] LSTM prediction: 0.127253
2025-03-05 14:15:29,336 [PID-2313603] DNN prediction: 1.000000
2025-03-05 14:15:29,337 [PID-2313603] SVM prediction: 0.000000
2025-03-05 14:15:29,571 [PID-2313603] RANDOMFOREST prediction: 0.643473
2025-03-05 14:15:29,571 [PID-2313603] CNN contribution: 0.120000
2025-03-05 14:15:29,571 [PID-2313603] LSTM contribution: 0.130000
2025-03-05 14:15:29,571 [PID-2313603] DNN contribution: 0.150000
2025-03-05 14:15:29,571 [PID-2313603] XGBOOST contribution: 0.250000
2025-03-05 14:15:29,571 [PID-2313603] RANDOMFOREST contribution: 0.250000
2025-03-05 14:15:29,572 [PID-2313603] SVM contribution: 0.100000
2025-03-05 14:15:29,572 [PID-2313603] Final ensemble probability: 0.447411
2025-03-05 14:15:29,576 [PID-2313603] CNN prediction: 1.000000
2025-03-05 14:15:29,579 [PID-2313603] LSTM prediction: 0.127253
2025-03-05 14:15:29,579 [PID-2313603] DNN prediction: 1.000000
2025-03-05 14:15:29,580 [PID-2313603] SVM prediction: 0.000000
2025-03-05 14:15:29,638 [PID-2313603] RANDOMFOREST prediction: 0.643473
2025-03-05 14:15:29,638 [PID-2313603] CNN contribution: 0.120000
2025-03-05 14:15:29,639 [PID-2313603] LSTM contribution: 0.130000
2025-03-05 14:15:29,639 [PID-2313603] DNN contribution: 0.150000
2025-03-05 14:15:29,639 [PID-2313603] XGBOOST contribution: 0.250000
2025-03-05 14:15:29,639 [PID-2313603] RANDOMFOREST contribution: 0.250000
2025-03-05 14:15:29,639 [PID-2313603] SVM contribution: 0.100000
2025-03-05 14:15:29,639 [PID-2313603] Final ensemble probability: 0.447411
2025-03-05 14:15:29,743 [PID-2313603] Traffic encrypted
2025-03-05 14:15:29,747 [PID-2313603] CNN prediction: 1.000000
2025-03-05 14:15:29,752 [PID-2313603] LSTM prediction: 0.092523
2025-03-05 14:15:29,753 [PID-2313603] DNN prediction: 1.000000
2025-03-05 14:15:29,754 [PID-2313603] SVM prediction: 0.000000
2025-03-05 14:15:29,810 [PID-2313603] RANDOMFOREST prediction: 0.614130
2025-03-05 14:15:29,810 [PID-2313603] CNN contribution: 0.120000
2025-03-05 14:15:29,810 [PID-2313603] LSTM contribution: 0.130000
2025-03-05 14:15:29,810 [PID-2313603] DNN contribution: 0.150000
2025-03-05 14:15:29,810 [PID-2313603] XGBOOST contribution: 0.250000
2025-03-05 14:15:29,811 [PID-2313603] RANDOMFOREST contribution: 0.250000
2025-03-05 14:15:29,811 [PID-2313603] SVM contribution: 0.100000
2025-03-05 14:15:29,811 [PID-2313603] Final ensemble probability: 0.435560
2025-03-05 14:15:29,815 [PID-2313603] CNN prediction: 1.000000
2025-03-05 14:15:29,817 [PID-2313603] LSTM prediction: 0.092523
2025-03-05 14:15:29,817 [PID-2313603] DNN prediction: 1.000000
2025-03-05 14:15:29,818 [PID-2313603] SVM prediction: 0.000000
2025-03-05 14:15:29,856 [PID-2313603] RANDOMFOREST prediction: 0.614130
2025-03-05 14:15:29,857 [PID-2313603] CNN contribution: 0.120000
2025-03-05 14:15:29,857 [PID-2313603] LSTM contribution: 0.130000
2025-03-05 14:15:29,857 [PID-2313603] DNN contribution: 0.150000
2025-03-05 14:15:29,857 [PID-2313603] XGBOOST contribution: 0.250000
2025-03-05 14:15:29,857 [PID-2313603] RANDOMFOREST contribution: 0.250000
2025-03-05 14:15:29,857 [PID-2313603] SVM contribution: 0.100000
2025-03-05 14:15:29,857 [PID-2313603] Final ensemble probability: 0.435560
2025-03-05 14:15:29,960 [PID-2313603] Traffic encrypted
2025-03-05 14:15:29,964 [PID-2313603] CNN prediction: 0.000000
2025-03-05 14:15:29,967 [PID-2313603] LSTM prediction: 0.118124
2025-03-05 14:15:29,968 [PID-2313603] DNN prediction: 1.000000
2025-03-05 14:15:29,968 [PID-2313603] SVM prediction: 0.000000
2025-03-05 14:15:30,023 [PID-2313603] RANDOMFOREST prediction: 0.645748
2025-03-05 14:15:30,024 [PID-2313603] CNN contribution: 0.120000
2025-03-05 14:15:30,024 [PID-2313603] LSTM contribution: 0.130000
2025-03-05 14:15:30,024 [PID-2313603] DNN contribution: 0.150000
2025-03-05 14:15:30,024 [PID-2313603] XGBOOST contribution: 0.250000
2025-03-05 14:15:30,024 [PID-2313603] RANDOMFOREST contribution: 0.250000
2025-03-05 14:15:30,025 [PID-2313603] SVM contribution: 0.100000
2025-03-05 14:15:30,025 [PID-2313603] Final ensemble probability: 0.326793
2025-03-05 14:15:30,029 [PID-2313603] CNN prediction: 0.000000
2025-03-05 14:15:30,031 [PID-2313603] LSTM prediction: 0.118124
2025-03-05 14:15:30,031 [PID-2313603] DNN prediction: 1.000000
2025-03-05 14:15:30,032 [PID-2313603] SVM prediction: 0.000000
2025-03-05 14:15:30,077 [PID-2313603] RANDOMFOREST prediction: 0.645748
2025-03-05 14:15:30,077 [PID-2313603] CNN contribution: 0.120000
2025-03-05 14:15:30,077 [PID-2313603] LSTM contribution: 0.130000
2025-03-05 14:15:30,077 [PID-2313603] DNN contribution: 0.150000
2025-03-05 14:15:30,078 [PID-2313603] XGBOOST contribution: 0.250000
2025-03-05 14:15:30,078 [PID-2313603] RANDOMFOREST contribution: 0.250000
2025-03-05 14:15:30,078 [PID-2313603] SVM contribution: 0.100000
2025-03-05 14:15:30,078 [PID-2313603] Final ensemble probability: 0.326793
2025-03-05 14:15:30,181 [PID-2313603] Traffic encrypted
2025-03-05 14:15:30,185 [PID-2313603] CNN prediction: 0.000000
2025-03-05 14:15:30,188 [PID-2313603] LSTM prediction: 0.140820
2025-03-05 14:15:30,189 [PID-2313603] DNN prediction: 1.000000
2025-03-05 14:15:30,190 [PID-2313603] SVM prediction: 0.000000
2025-03-05 14:15:30,241 [PID-2313603] RANDOMFOREST prediction: 0.667699
2025-03-05 14:15:30,241 [PID-2313603] CNN contribution: 0.120000
2025-03-05 14:15:30,241 [PID-2313603] LSTM contribution: 0.130000
2025-03-05 14:15:30,241 [PID-2313603] DNN contribution: 0.150000
2025-03-05 14:15:30,242 [PID-2313603] XGBOOST contribution: 0.250000
2025-03-05 14:15:30,242 [PID-2313603] RANDOMFOREST contribution: 0.250000
2025-03-05 14:15:30,242 [PID-2313603] SVM contribution: 0.100000
2025-03-05 14:15:30,242 [PID-2313603] Final ensemble probability: 0.335231
2025-03-05 14:15:30,246 [PID-2313603] CNN prediction: 0.000000
2025-03-05 14:15:30,248 [PID-2313603] LSTM prediction: 0.140820
2025-03-05 14:15:30,249 [PID-2313603] DNN prediction: 1.000000
2025-03-05 14:15:30,250 [PID-2313603] SVM prediction: 0.000000
2025-03-05 14:15:30,288 [PID-2313603] RANDOMFOREST prediction: 0.667699
2025-03-05 14:15:30,288 [PID-2313603] CNN contribution: 0.120000
2025-03-05 14:15:30,288 [PID-2313603] LSTM contribution: 0.130000
2025-03-05 14:15:30,289 [PID-2313603] DNN contribution: 0.150000
2025-03-05 14:15:30,289 [PID-2313603] XGBOOST contribution: 0.250000
2025-03-05 14:15:30,289 [PID-2313603] RANDOMFOREST contribution: 0.250000
2025-03-05 14:15:30,289 [PID-2313603] SVM contribution: 0.100000
2025-03-05 14:15:30,289 [PID-2313603] Final ensemble probability: 0.335231
2025-03-05 14:15:30,289 [PID-2313603] Collected 10/100 labeled samples for adaptation
2025-03-05 14:15:30,392 [PID-2313603] Traffic encrypted
2025-03-05 14:15:30,396 [PID-2313603] CNN prediction: 1.000000
2025-03-05 14:15:30,399 [PID-2313603] LSTM prediction: 0.463050
2025-03-05 14:15:30,399 [PID-2313603] DNN prediction: 1.000000
2025-03-05 14:15:30,400 [PID-2313603] SVM prediction: 0.000000
2025-03-05 14:15:30,456 [PID-2313603] RANDOMFOREST prediction: 0.642625
2025-03-05 14:15:30,456 [PID-2313603] CNN contribution: 0.120000
2025-03-05 14:15:30,457 [PID-2313603] LSTM contribution: 0.130000
2025-03-05 14:15:30,457 [PID-2313603] DNN contribution: 0.150000
2025-03-05 14:15:30,457 [PID-2313603] XGBOOST contribution: 0.250000
2025-03-05 14:15:30,457 [PID-2313603] RANDOMFOREST contribution: 0.250000
2025-03-05 14:15:30,457 [PID-2313603] SVM contribution: 0.100000
2025-03-05 14:15:30,457 [PID-2313603] Final ensemble probability: 0.490853
2025-03-05 14:15:30,461 [PID-2313603] CNN prediction: 1.000000
2025-03-05 14:15:30,464 [PID-2313603] LSTM prediction: 0.463050
2025-03-05 14:15:30,465 [PID-2313603] DNN prediction: 1.000000
2025-03-05 14:15:30,465 [PID-2313603] SVM prediction: 0.000000
2025-03-05 14:15:30,524 [PID-2313603] RANDOMFOREST prediction: 0.642625
2025-03-05 14:15:30,524 [PID-2313603] CNN contribution: 0.120000
2025-03-05 14:15:30,524 [PID-2313603] LSTM contribution: 0.130000
2025-03-05 14:15:30,524 [PID-2313603] DNN contribution: 0.150000
2025-03-05 14:15:30,524 [PID-2313603] XGBOOST contribution: 0.250000
2025-03-05 14:15:30,525 [PID-2313603] RANDOMFOREST contribution: 0.250000
2025-03-05 14:15:30,525 [PID-2313603] SVM contribution: 0.100000
2025-03-05 14:15:30,525 [PID-2313603] Final ensemble probability: 0.490853
2025-03-05 14:15:30,628 [PID-2313603] Traffic encrypted
2025-03-05 14:15:30,632 [PID-2313603] CNN prediction: 0.000000
2025-03-05 14:15:30,634 [PID-2313603] LSTM prediction: 0.178934
2025-03-05 14:15:30,635 [PID-2313603] DNN prediction: 1.000000
2025-03-05 14:15:30,635 [PID-2313603] SVM prediction: 0.000000
2025-03-05 14:15:30,688 [PID-2313603] RANDOMFOREST prediction: 0.618637
2025-03-05 14:15:30,688 [PID-2313603] CNN contribution: 0.120000
2025-03-05 14:15:30,688 [PID-2313603] LSTM contribution: 0.130000
2025-03-05 14:15:30,688 [PID-2313603] DNN contribution: 0.150000
2025-03-05 14:15:30,688 [PID-2313603] XGBOOST contribution: 0.250000
2025-03-05 14:15:30,688 [PID-2313603] RANDOMFOREST contribution: 0.250000
2025-03-05 14:15:30,688 [PID-2313603] SVM contribution: 0.100000
2025-03-05 14:15:30,688 [PID-2313603] Final ensemble probability: 0.327921
2025-03-05 14:15:30,692 [PID-2313603] CNN prediction: 0.000000
2025-03-05 14:15:30,695 [PID-2313603] LSTM prediction: 0.178934
2025-03-05 14:15:30,696 [PID-2313603] DNN prediction: 1.000000
2025-03-05 14:15:30,697 [PID-2313603] SVM prediction: 0.000000
2025-03-05 14:15:30,755 [PID-2313603] RANDOMFOREST prediction: 0.618637
2025-03-05 14:15:30,755 [PID-2313603] CNN contribution: 0.120000
2025-03-05 14:15:30,755 [PID-2313603] LSTM contribution: 0.130000
2025-03-05 14:15:30,755 [PID-2313603] DNN contribution: 0.150000
2025-03-05 14:15:30,755 [PID-2313603] XGBOOST contribution: 0.250000
2025-03-05 14:15:30,755 [PID-2313603] RANDOMFOREST contribution: 0.250000
2025-03-05 14:15:30,755 [PID-2313603] SVM contribution: 0.100000
2025-03-05 14:15:30,755 [PID-2313603] Final ensemble probability: 0.327921
2025-03-05 14:15:30,859 [PID-2313603] Traffic encrypted
2025-03-05 14:15:30,863 [PID-2313603] CNN prediction: 1.000000
2025-03-05 14:15:30,866 [PID-2313603] LSTM prediction: 0.997102
2025-03-05 14:15:30,867 [PID-2313603] DNN prediction: 1.000000
2025-03-05 14:15:30,868 [PID-2313603] SVM prediction: 0.000000
2025-03-05 14:15:30,921 [PID-2313603] RANDOMFOREST prediction: 0.638894
2025-03-05 14:15:30,922 [PID-2313603] CNN contribution: 0.120000
2025-03-05 14:15:30,922 [PID-2313603] LSTM contribution: 0.130000
2025-03-05 14:15:30,922 [PID-2313603] DNN contribution: 0.150000
2025-03-05 14:15:30,922 [PID-2313603] XGBOOST contribution: 0.250000
2025-03-05 14:15:30,922 [PID-2313603] RANDOMFOREST contribution: 0.250000
2025-03-05 14:15:30,922 [PID-2313603] SVM contribution: 0.100000
2025-03-05 14:15:30,922 [PID-2313603] Final ensemble probability: 0.559347
2025-03-05 14:15:30,926 [PID-2313603] CNN prediction: 1.000000
2025-03-05 14:15:30,929 [PID-2313603] LSTM prediction: 0.997102
2025-03-05 14:15:30,930 [PID-2313603] DNN prediction: 1.000000
2025-03-05 14:15:30,931 [PID-2313603] SVM prediction: 0.000000
2025-03-05 14:15:30,981 [PID-2313603] RANDOMFOREST prediction: 0.638894
2025-03-05 14:15:30,982 [PID-2313603] CNN contribution: 0.120000
2025-03-05 14:15:30,982 [PID-2313603] LSTM contribution: 0.130000
2025-03-05 14:15:30,982 [PID-2313603] DNN contribution: 0.150000
2025-03-05 14:15:30,982 [PID-2313603] XGBOOST contribution: 0.250000
2025-03-05 14:15:30,982 [PID-2313603] RANDOMFOREST contribution: 0.250000
2025-03-05 14:15:30,982 [PID-2313603] SVM contribution: 0.100000
2025-03-05 14:15:30,982 [PID-2313603] Final ensemble probability: 0.559347
2025-03-05 14:15:31,085 [PID-2313603] Traffic encrypted
2025-03-05 14:15:31,089 [PID-2313603] CNN prediction: 1.000000
2025-03-05 14:15:31,092 [PID-2313603] LSTM prediction: 0.076986
2025-03-05 14:15:31,094 [PID-2313603] DNN prediction: 1.000000
2025-03-05 14:15:31,095 [PID-2313603] SVM prediction: 0.000000
2025-03-05 14:15:31,156 [PID-2313603] RANDOMFOREST prediction: 0.630432
2025-03-05 14:15:31,156 [PID-2313603] CNN contribution: 0.120000
2025-03-05 14:15:31,157 [PID-2313603] LSTM contribution: 0.130000
2025-03-05 14:15:31,157 [PID-2313603] DNN contribution: 0.150000
2025-03-05 14:15:31,157 [PID-2313603] XGBOOST contribution: 0.250000
2025-03-05 14:15:31,157 [PID-2313603] RANDOMFOREST contribution: 0.250000
2025-03-05 14:15:31,157 [PID-2313603] SVM contribution: 0.100000
2025-03-05 14:15:31,157 [PID-2313603] Final ensemble probability: 0.437616
2025-03-05 14:15:31,162 [PID-2313603] CNN prediction: 1.000000
2025-03-05 14:15:31,165 [PID-2313603] LSTM prediction: 0.076986
2025-03-05 14:15:31,166 [PID-2313603] DNN prediction: 1.000000
2025-03-05 14:15:31,167 [PID-2313603] SVM prediction: 0.000000
2025-03-05 14:15:31,231 [PID-2313603] RANDOMFOREST prediction: 0.630432
2025-03-05 14:15:31,232 [PID-2313603] CNN contribution: 0.120000
2025-03-05 14:15:31,232 [PID-2313603] LSTM contribution: 0.130000
2025-03-05 14:15:31,232 [PID-2313603] DNN contribution: 0.150000
2025-03-05 14:15:31,232 [PID-2313603] XGBOOST contribution: 0.250000
2025-03-05 14:15:31,232 [PID-2313603] RANDOMFOREST contribution: 0.250000
2025-03-05 14:15:31,232 [PID-2313603] SVM contribution: 0.100000
2025-03-05 14:15:31,232 [PID-2313603] Final ensemble probability: 0.437616
2025-03-05 14:15:31,335 [PID-2313603] Traffic encrypted
2025-03-05 14:15:31,339 [PID-2313603] CNN prediction: 1.000000
2025-03-05 14:15:31,341 [PID-2313603] LSTM prediction: 0.157376
2025-03-05 14:15:31,342 [PID-2313603] DNN prediction: 1.000000
2025-03-05 14:15:31,343 [PID-2313603] SVM prediction: 0.000000
2025-03-05 14:15:31,392 [PID-2313603] RANDOMFOREST prediction: 0.622448
2025-03-05 14:15:31,393 [PID-2313603] CNN contribution: 0.120000
2025-03-05 14:15:31,393 [PID-2313603] LSTM contribution: 0.130000
2025-03-05 14:15:31,393 [PID-2313603] DNN contribution: 0.150000
2025-03-05 14:15:31,393 [PID-2313603] XGBOOST contribution: 0.250000
2025-03-05 14:15:31,393 [PID-2313603] RANDOMFOREST contribution: 0.250000
2025-03-05 14:15:31,393 [PID-2313603] SVM contribution: 0.100000
2025-03-05 14:15:31,393 [PID-2313603] Final ensemble probability: 0.446071
2025-03-05 14:15:31,398 [PID-2313603] CNN prediction: 1.000000
2025-03-05 14:15:31,401 [PID-2313603] LSTM prediction: 0.157376
2025-03-05 14:15:31,402 [PID-2313603] DNN prediction: 1.000000
2025-03-05 14:15:31,403 [PID-2313603] SVM prediction: 0.000000
2025-03-05 14:15:31,455 [PID-2313603] RANDOMFOREST prediction: 0.622448
2025-03-05 14:15:31,456 [PID-2313603] CNN contribution: 0.120000
2025-03-05 14:15:31,456 [PID-2313603] LSTM contribution: 0.130000
2025-03-05 14:15:31,456 [PID-2313603] DNN contribution: 0.150000
2025-03-05 14:15:31,456 [PID-2313603] XGBOOST contribution: 0.250000
2025-03-05 14:15:31,456 [PID-2313603] RANDOMFOREST contribution: 0.250000
2025-03-05 14:15:31,456 [PID-2313603] SVM contribution: 0.100000
2025-03-05 14:15:31,456 [PID-2313603] Final ensemble probability: 0.446071
2025-03-05 14:15:31,559 [PID-2313603] Traffic encrypted
2025-03-05 14:15:31,564 [PID-2313603] CNN prediction: 1.000000
2025-03-05 14:15:31,566 [PID-2313603] LSTM prediction: 0.378582
2025-03-05 14:15:31,567 [PID-2313603] DNN prediction: 1.000000
2025-03-05 14:15:31,568 [PID-2313603] SVM prediction: 0.000000
2025-03-05 14:15:31,631 [PID-2313603] RANDOMFOREST prediction: 0.631215
2025-03-05 14:15:31,631 [PID-2313603] CNN contribution: 0.120000
2025-03-05 14:15:31,631 [PID-2313603] LSTM contribution: 0.130000
2025-03-05 14:15:31,631 [PID-2313603] DNN contribution: 0.150000
2025-03-05 14:15:31,631 [PID-2313603] XGBOOST contribution: 0.250000
2025-03-05 14:15:31,631 [PID-2313603] RANDOMFOREST contribution: 0.250000
2025-03-05 14:15:31,631 [PID-2313603] SVM contribution: 0.100000
2025-03-05 14:15:31,631 [PID-2313603] Final ensemble probability: 0.477020
2025-03-05 14:15:31,636 [PID-2313603] CNN prediction: 1.000000
2025-03-05 14:15:31,639 [PID-2313603] LSTM prediction: 0.378582
2025-03-05 14:15:31,640 [PID-2313603] DNN prediction: 1.000000
2025-03-05 14:15:31,641 [PID-2313603] SVM prediction: 0.000000
2025-03-05 14:15:31,696 [PID-2313603] RANDOMFOREST prediction: 0.631215
2025-03-05 14:15:31,697 [PID-2313603] CNN contribution: 0.120000
2025-03-05 14:15:31,697 [PID-2313603] LSTM contribution: 0.130000
2025-03-05 14:15:31,697 [PID-2313603] DNN contribution: 0.150000
2025-03-05 14:15:31,698 [PID-2313603] XGBOOST contribution: 0.250000
2025-03-05 14:15:31,698 [PID-2313603] RANDOMFOREST contribution: 0.250000
2025-03-05 14:15:31,698 [PID-2313603] SVM contribution: 0.100000
2025-03-05 14:15:31,698 [PID-2313603] Final ensemble probability: 0.477020
2025-03-05 14:15:31,803 [PID-2313603] Traffic encrypted
2025-03-05 14:15:31,808 [PID-2313603] CNN prediction: 1.000000
2025-03-05 14:15:31,812 [PID-2313603] LSTM prediction: 0.276022
2025-03-05 14:15:31,813 [PID-2313603] DNN prediction: 1.000000
2025-03-05 14:15:31,814 [PID-2313603] SVM prediction: 0.000000
2025-03-05 14:15:31,867 [PID-2313603] RANDOMFOREST prediction: 0.638321
2025-03-05 14:15:31,867 [PID-2313603] CNN contribution: 0.120000
2025-03-05 14:15:31,867 [PID-2313603] LSTM contribution: 0.130000
2025-03-05 14:15:31,868 [PID-2313603] DNN contribution: 0.150000
2025-03-05 14:15:31,868 [PID-2313603] XGBOOST contribution: 0.250000
2025-03-05 14:15:31,868 [PID-2313603] RANDOMFOREST contribution: 0.250000
2025-03-05 14:15:31,868 [PID-2313603] SVM contribution: 0.100000
2025-03-05 14:15:31,868 [PID-2313603] Final ensemble probability: 0.465463
2025-03-05 14:15:31,872 [PID-2313603] CNN prediction: 1.000000
2025-03-05 14:15:31,875 [PID-2313603] LSTM prediction: 0.276022
2025-03-05 14:15:31,875 [PID-2313603] DNN prediction: 1.000000
2025-03-05 14:15:31,876 [PID-2313603] SVM prediction: 0.000000
2025-03-05 14:15:31,924 [PID-2313603] RANDOMFOREST prediction: 0.638321
2025-03-05 14:15:31,924 [PID-2313603] CNN contribution: 0.120000
2025-03-05 14:15:31,925 [PID-2313603] LSTM contribution: 0.130000
2025-03-05 14:15:31,925 [PID-2313603] DNN contribution: 0.150000
2025-03-05 14:15:31,925 [PID-2313603] XGBOOST contribution: 0.250000
2025-03-05 14:15:31,925 [PID-2313603] RANDOMFOREST contribution: 0.250000
2025-03-05 14:15:31,925 [PID-2313603] SVM contribution: 0.100000
2025-03-05 14:15:31,926 [PID-2313603] Final ensemble probability: 0.465463
2025-03-05 14:15:32,029 [PID-2313603] Traffic encrypted
2025-03-05 14:15:32,034 [PID-2313603] CNN prediction: 1.000000
2025-03-05 14:15:32,036 [PID-2313603] LSTM prediction: 0.122414
2025-03-05 14:15:32,037 [PID-2313603] DNN prediction: 1.000000
2025-03-05 14:15:32,038 [PID-2313603] SVM prediction: 0.000000
2025-03-05 14:15:32,084 [PID-2313603] RANDOMFOREST prediction: 0.637340
2025-03-05 14:15:32,084 [PID-2313603] CNN contribution: 0.120000
2025-03-05 14:15:32,085 [PID-2313603] LSTM contribution: 0.130000
2025-03-05 14:15:32,085 [PID-2313603] DNN contribution: 0.150000
2025-03-05 14:15:32,085 [PID-2313603] XGBOOST contribution: 0.250000
2025-03-05 14:15:32,085 [PID-2313603] RANDOMFOREST contribution: 0.250000
2025-03-05 14:15:32,085 [PID-2313603] SVM contribution: 0.100000
2025-03-05 14:15:32,085 [PID-2313603] Final ensemble probability: 0.445249
2025-03-05 14:15:32,089 [PID-2313603] CNN prediction: 1.000000
2025-03-05 14:15:32,091 [PID-2313603] LSTM prediction: 0.122414
2025-03-05 14:15:32,092 [PID-2313603] DNN prediction: 1.000000
2025-03-05 14:15:32,093 [PID-2313603] SVM prediction: 0.000000
2025-03-05 14:15:32,152 [PID-2313603] RANDOMFOREST prediction: 0.637340
2025-03-05 14:15:32,153 [PID-2313603] CNN contribution: 0.120000
2025-03-05 14:15:32,153 [PID-2313603] LSTM contribution: 0.130000
2025-03-05 14:15:32,153 [PID-2313603] DNN contribution: 0.150000
2025-03-05 14:15:32,153 [PID-2313603] XGBOOST contribution: 0.250000
2025-03-05 14:15:32,153 [PID-2313603] RANDOMFOREST contribution: 0.250000
2025-03-05 14:15:32,153 [PID-2313603] SVM contribution: 0.100000
2025-03-05 14:15:32,153 [PID-2313603] Final ensemble probability: 0.445249
2025-03-05 14:15:32,257 [PID-2313603] Traffic encrypted
2025-03-05 14:15:32,263 [PID-2313603] CNN prediction: 1.000000
2025-03-05 14:15:32,266 [PID-2313603] LSTM prediction: 0.030671
2025-03-05 14:15:32,267 [PID-2313603] DNN prediction: 1.000000
2025-03-05 14:15:32,268 [PID-2313603] SVM prediction: 0.000000
2025-03-05 14:15:32,320 [PID-2313603] RANDOMFOREST prediction: 0.622017
2025-03-05 14:15:32,320 [PID-2313603] CNN contribution: 0.120000
2025-03-05 14:15:32,320 [PID-2313603] LSTM contribution: 0.130000
2025-03-05 14:15:32,320 [PID-2313603] DNN contribution: 0.150000
2025-03-05 14:15:32,320 [PID-2313603] XGBOOST contribution: 0.250000
2025-03-05 14:15:32,320 [PID-2313603] RANDOMFOREST contribution: 0.250000
2025-03-05 14:15:32,320 [PID-2313603] SVM contribution: 0.100000
2025-03-05 14:15:32,320 [PID-2313603] Final ensemble probability: 0.429491
2025-03-05 14:15:32,325 [PID-2313603] CNN prediction: 1.000000
2025-03-05 14:15:32,327 [PID-2313603] LSTM prediction: 0.030671
2025-03-05 14:15:32,328 [PID-2313603] DNN prediction: 1.000000
2025-03-05 14:15:32,328 [PID-2313603] SVM prediction: 0.000000
2025-03-05 14:15:32,368 [PID-2313603] RANDOMFOREST prediction: 0.622017
2025-03-05 14:15:32,368 [PID-2313603] CNN contribution: 0.120000
2025-03-05 14:15:32,369 [PID-2313603] LSTM contribution: 0.130000
2025-03-05 14:15:32,369 [PID-2313603] DNN contribution: 0.150000
2025-03-05 14:15:32,369 [PID-2313603] XGBOOST contribution: 0.250000
2025-03-05 14:15:32,369 [PID-2313603] RANDOMFOREST contribution: 0.250000
2025-03-05 14:15:32,369 [PID-2313603] SVM contribution: 0.100000
2025-03-05 14:15:32,369 [PID-2313603] Final ensemble probability: 0.429491
2025-03-05 14:15:32,472 [PID-2313603] Traffic encrypted
2025-03-05 14:15:32,475 [PID-2313603] CNN prediction: 1.000000
2025-03-05 14:15:32,477 [PID-2313603] LSTM prediction: 0.673230
2025-03-05 14:15:32,478 [PID-2313603] DNN prediction: 1.000000
2025-03-05 14:15:32,479 [PID-2313603] SVM prediction: 0.000000
2025-03-05 14:15:32,532 [PID-2313603] RANDOMFOREST prediction: 0.628981
2025-03-05 14:15:32,532 [PID-2313603] CNN contribution: 0.120000
2025-03-05 14:15:32,532 [PID-2313603] LSTM contribution: 0.130000
2025-03-05 14:15:32,532 [PID-2313603] DNN contribution: 0.150000
2025-03-05 14:15:32,532 [PID-2313603] XGBOOST contribution: 0.250000
2025-03-05 14:15:32,532 [PID-2313603] RANDOMFOREST contribution: 0.250000
2025-03-05 14:15:32,532 [PID-2313603] SVM contribution: 0.100000
2025-03-05 14:15:32,532 [PID-2313603] Final ensemble probability: 0.514765
2025-03-05 14:15:32,536 [PID-2313603] CNN prediction: 1.000000
2025-03-05 14:15:32,539 [PID-2313603] LSTM prediction: 0.673230
2025-03-05 14:15:32,540 [PID-2313603] DNN prediction: 1.000000
2025-03-05 14:15:32,541 [PID-2313603] SVM prediction: 0.000000
2025-03-05 14:15:32,588 [PID-2313603] RANDOMFOREST prediction: 0.628981
2025-03-05 14:15:32,589 [PID-2313603] CNN contribution: 0.120000
2025-03-05 14:15:32,589 [PID-2313603] LSTM contribution: 0.130000
2025-03-05 14:15:32,589 [PID-2313603] DNN contribution: 0.150000
2025-03-05 14:15:32,589 [PID-2313603] XGBOOST contribution: 0.250000
2025-03-05 14:15:32,589 [PID-2313603] RANDOMFOREST contribution: 0.250000
2025-03-05 14:15:32,589 [PID-2313603] SVM contribution: 0.100000
2025-03-05 14:15:32,589 [PID-2313603] Final ensemble probability: 0.514765
2025-03-05 14:15:32,589 [PID-2313603] Collected 20/100 labeled samples for adaptation
2025-03-05 14:15:32,692 [PID-2313603] Traffic encrypted
2025-03-05 14:15:32,696 [PID-2313603] CNN prediction: 1.000000
2025-03-05 14:15:32,698 [PID-2313603] LSTM prediction: 0.098450
2025-03-05 14:15:32,699 [PID-2313603] DNN prediction: 1.000000
2025-03-05 14:15:32,700 [PID-2313603] SVM prediction: 0.000000
2025-03-05 14:15:32,936 [PID-2313603] RANDOMFOREST prediction: 0.620376
2025-03-05 14:15:32,936 [PID-2313603] CNN contribution: 0.120000
2025-03-05 14:15:32,937 [PID-2313603] LSTM contribution: 0.130000
2025-03-05 14:15:32,937 [PID-2313603] DNN contribution: 0.150000
2025-03-05 14:15:32,937 [PID-2313603] XGBOOST contribution: 0.250000
2025-03-05 14:15:32,937 [PID-2313603] RANDOMFOREST contribution: 0.250000
2025-03-05 14:15:32,937 [PID-2313603] SVM contribution: 0.100000
2025-03-05 14:15:32,937 [PID-2313603] Final ensemble probability: 0.437892
2025-03-05 14:15:32,946 [PID-2313603] CNN prediction: 1.000000
2025-03-05 14:15:32,950 [PID-2313603] LSTM prediction: 0.098450
2025-03-05 14:15:32,951 [PID-2313603] DNN prediction: 1.000000
2025-03-05 14:15:32,952 [PID-2313603] SVM prediction: 0.000000
2025-03-05 14:15:33,004 [PID-2313603] RANDOMFOREST prediction: 0.620376
2025-03-05 14:15:33,005 [PID-2313603] CNN contribution: 0.120000
2025-03-05 14:15:33,005 [PID-2313603] LSTM contribution: 0.130000
2025-03-05 14:15:33,005 [PID-2313603] DNN contribution: 0.150000
2025-03-05 14:15:33,005 [PID-2313603] XGBOOST contribution: 0.250000
2025-03-05 14:15:33,005 [PID-2313603] RANDOMFOREST contribution: 0.250000
2025-03-05 14:15:33,005 [PID-2313603] SVM contribution: 0.100000
2025-03-05 14:15:33,005 [PID-2313603] Final ensemble probability: 0.437892
2025-03-05 14:15:33,109 [PID-2313603] Traffic encrypted
2025-03-05 14:15:33,113 [PID-2313603] CNN prediction: 1.000000
2025-03-05 14:15:33,116 [PID-2313603] LSTM prediction: 0.156928
2025-03-05 14:15:33,116 [PID-2313603] DNN prediction: 1.000000
2025-03-05 14:15:33,117 [PID-2313603] SVM prediction: 0.000000
2025-03-05 14:15:33,166 [PID-2313603] RANDOMFOREST prediction: 0.655530
2025-03-05 14:15:33,166 [PID-2313603] CNN contribution: 0.120000
2025-03-05 14:15:33,166 [PID-2313603] LSTM contribution: 0.130000
2025-03-05 14:15:33,166 [PID-2313603] DNN contribution: 0.150000
2025-03-05 14:15:33,166 [PID-2313603] XGBOOST contribution: 0.250000
2025-03-05 14:15:33,166 [PID-2313603] RANDOMFOREST contribution: 0.250000
2025-03-05 14:15:33,166 [PID-2313603] SVM contribution: 0.100000
2025-03-05 14:15:33,167 [PID-2313603] Final ensemble probability: 0.454283
2025-03-05 14:15:33,171 [PID-2313603] CNN prediction: 1.000000
2025-03-05 14:15:33,174 [PID-2313603] LSTM prediction: 0.156928
2025-03-05 14:15:33,174 [PID-2313603] DNN prediction: 1.000000
2025-03-05 14:15:33,175 [PID-2313603] SVM prediction: 0.000000
2025-03-05 14:15:33,213 [PID-2313603] RANDOMFOREST prediction: 0.655530
2025-03-05 14:15:33,213 [PID-2313603] CNN contribution: 0.120000
2025-03-05 14:15:33,213 [PID-2313603] LSTM contribution: 0.130000
2025-03-05 14:15:33,213 [PID-2313603] DNN contribution: 0.150000
2025-03-05 14:15:33,213 [PID-2313603] XGBOOST contribution: 0.250000
2025-03-05 14:15:33,213 [PID-2313603] RANDOMFOREST contribution: 0.250000
2025-03-05 14:15:33,213 [PID-2313603] SVM contribution: 0.100000
2025-03-05 14:15:33,213 [PID-2313603] Final ensemble probability: 0.454283
2025-03-05 14:15:33,317 [PID-2313603] Traffic encrypted
2025-03-05 14:15:33,321 [PID-2313603] CNN prediction: 1.000000
2025-03-05 14:15:33,323 [PID-2313603] LSTM prediction: 0.036361
2025-03-05 14:15:33,324 [PID-2313603] DNN prediction: 1.000000
2025-03-05 14:15:33,325 [PID-2313603] SVM prediction: 0.000000
2025-03-05 14:15:33,376 [PID-2313603] RANDOMFOREST prediction: 0.640061
2025-03-05 14:15:33,376 [PID-2313603] CNN contribution: 0.120000
2025-03-05 14:15:33,376 [PID-2313603] LSTM contribution: 0.130000
2025-03-05 14:15:33,376 [PID-2313603] DNN contribution: 0.150000
2025-03-05 14:15:33,376 [PID-2313603] XGBOOST contribution: 0.250000
2025-03-05 14:15:33,376 [PID-2313603] RANDOMFOREST contribution: 0.250000
2025-03-05 14:15:33,377 [PID-2313603] SVM contribution: 0.100000
2025-03-05 14:15:33,377 [PID-2313603] Final ensemble probability: 0.434742
2025-03-05 14:15:33,381 [PID-2313603] CNN prediction: 1.000000
2025-03-05 14:15:33,383 [PID-2313603] LSTM prediction: 0.036361
2025-03-05 14:15:33,383 [PID-2313603] DNN prediction: 1.000000
2025-03-05 14:15:33,384 [PID-2313603] SVM prediction: 0.000000
2025-03-05 14:15:33,418 [PID-2313603] RANDOMFOREST prediction: 0.640061
2025-03-05 14:15:33,418 [PID-2313603] CNN contribution: 0.120000
2025-03-05 14:15:33,418 [PID-2313603] LSTM contribution: 0.130000
2025-03-05 14:15:33,418 [PID-2313603] DNN contribution: 0.150000
2025-03-05 14:15:33,418 [PID-2313603] XGBOOST contribution: 0.250000
2025-03-05 14:15:33,418 [PID-2313603] RANDOMFOREST contribution: 0.250000
2025-03-05 14:15:33,418 [PID-2313603] SVM contribution: 0.100000
2025-03-05 14:15:33,418 [PID-2313603] Final ensemble probability: 0.434742
2025-03-05 14:15:33,523 [PID-2313603] Traffic encrypted
2025-03-05 14:15:33,528 [PID-2313603] CNN prediction: 1.000000
2025-03-05 14:15:33,531 [PID-2313603] LSTM prediction: 0.175623
2025-03-05 14:15:33,532 [PID-2313603] DNN prediction: 1.000000
2025-03-05 14:15:33,533 [PID-2313603] SVM prediction: 0.000000
2025-03-05 14:15:33,596 [PID-2313603] RANDOMFOREST prediction: 0.646248
2025-03-05 14:15:33,597 [PID-2313603] CNN contribution: 0.120000
2025-03-05 14:15:33,597 [PID-2313603] LSTM contribution: 0.130000
2025-03-05 14:15:33,597 [PID-2313603] DNN contribution: 0.150000
2025-03-05 14:15:33,597 [PID-2313603] XGBOOST contribution: 0.250000
2025-03-05 14:15:33,597 [PID-2313603] RANDOMFOREST contribution: 0.250000
2025-03-05 14:15:33,597 [PID-2313603] SVM contribution: 0.100000
2025-03-05 14:15:33,597 [PID-2313603] Final ensemble probability: 0.454393
2025-03-05 14:15:33,601 [PID-2313603] CNN prediction: 1.000000
2025-03-05 14:15:33,604 [PID-2313603] LSTM prediction: 0.175623
2025-03-05 14:15:33,604 [PID-2313603] DNN prediction: 1.000000
2025-03-05 14:15:33,605 [PID-2313603] SVM prediction: 0.000000
2025-03-05 14:15:33,647 [PID-2313603] RANDOMFOREST prediction: 0.646248
2025-03-05 14:15:33,647 [PID-2313603] CNN contribution: 0.120000
2025-03-05 14:15:33,647 [PID-2313603] LSTM contribution: 0.130000
2025-03-05 14:15:33,647 [PID-2313603] DNN contribution: 0.150000
2025-03-05 14:15:33,647 [PID-2313603] XGBOOST contribution: 0.250000
2025-03-05 14:15:33,647 [PID-2313603] RANDOMFOREST contribution: 0.250000
2025-03-05 14:15:33,647 [PID-2313603] SVM contribution: 0.100000
2025-03-05 14:15:33,647 [PID-2313603] Final ensemble probability: 0.454393
2025-03-05 14:15:33,751 [PID-2313603] Traffic encrypted
2025-03-05 14:15:33,756 [PID-2313603] CNN prediction: 1.000000
2025-03-05 14:15:33,758 [PID-2313603] LSTM prediction: 0.057680
2025-03-05 14:15:33,759 [PID-2313603] DNN prediction: 1.000000
2025-03-05 14:15:33,760 [PID-2313603] SVM prediction: 0.000000
2025-03-05 14:15:33,829 [PID-2313603] RANDOMFOREST prediction: 0.628981
2025-03-05 14:15:33,829 [PID-2313603] CNN contribution: 0.120000
2025-03-05 14:15:33,829 [PID-2313603] LSTM contribution: 0.130000
2025-03-05 14:15:33,829 [PID-2313603] DNN contribution: 0.150000
2025-03-05 14:15:33,829 [PID-2313603] XGBOOST contribution: 0.250000
2025-03-05 14:15:33,829 [PID-2313603] RANDOMFOREST contribution: 0.250000
2025-03-05 14:15:33,829 [PID-2313603] SVM contribution: 0.100000
2025-03-05 14:15:33,829 [PID-2313603] Final ensemble probability: 0.434744
2025-03-05 14:15:33,833 [PID-2313603] CNN prediction: 1.000000
2025-03-05 14:15:33,835 [PID-2313603] LSTM prediction: 0.057680
2025-03-05 14:15:33,836 [PID-2313603] DNN prediction: 1.000000
2025-03-05 14:15:33,836 [PID-2313603] SVM prediction: 0.000000
2025-03-05 14:15:33,881 [PID-2313603] RANDOMFOREST prediction: 0.628981
2025-03-05 14:15:33,882 [PID-2313603] CNN contribution: 0.120000
2025-03-05 14:15:33,882 [PID-2313603] LSTM contribution: 0.130000
2025-03-05 14:15:33,882 [PID-2313603] DNN contribution: 0.150000
2025-03-05 14:15:33,882 [PID-2313603] XGBOOST contribution: 0.250000
2025-03-05 14:15:33,882 [PID-2313603] RANDOMFOREST contribution: 0.250000
2025-03-05 14:15:33,882 [PID-2313603] SVM contribution: 0.100000
2025-03-05 14:15:33,882 [PID-2313603] Final ensemble probability: 0.434744
2025-03-05 14:15:33,985 [PID-2313603] Traffic encrypted
2025-03-05 14:15:33,989 [PID-2313603] CNN prediction: 1.000000
2025-03-05 14:15:33,992 [PID-2313603] LSTM prediction: 0.174213
2025-03-05 14:15:33,993 [PID-2313603] DNN prediction: 1.000000
2025-03-05 14:15:33,994 [PID-2313603] SVM prediction: 0.000000
2025-03-05 14:15:34,050 [PID-2313603] RANDOMFOREST prediction: 0.627069
2025-03-05 14:15:34,051 [PID-2313603] CNN contribution: 0.120000
2025-03-05 14:15:34,051 [PID-2313603] LSTM contribution: 0.130000
2025-03-05 14:15:34,051 [PID-2313603] DNN contribution: 0.150000
2025-03-05 14:15:34,051 [PID-2313603] XGBOOST contribution: 0.250000
2025-03-05 14:15:34,051 [PID-2313603] RANDOMFOREST contribution: 0.250000
2025-03-05 14:15:34,051 [PID-2313603] SVM contribution: 0.100000
2025-03-05 14:15:34,051 [PID-2313603] Final ensemble probability: 0.449415
2025-03-05 14:15:34,058 [PID-2313603] CNN prediction: 1.000000
2025-03-05 14:15:34,061 [PID-2313603] LSTM prediction: 0.174213
2025-03-05 14:15:34,062 [PID-2313603] DNN prediction: 1.000000
2025-03-05 14:15:34,063 [PID-2313603] SVM prediction: 0.000000
2025-03-05 14:15:34,118 [PID-2313603] RANDOMFOREST prediction: 0.627069
2025-03-05 14:15:34,118 [PID-2313603] CNN contribution: 0.120000
2025-03-05 14:15:34,118 [PID-2313603] LSTM contribution: 0.130000
2025-03-05 14:15:34,118 [PID-2313603] DNN contribution: 0.150000
2025-03-05 14:15:34,118 [PID-2313603] XGBOOST contribution: 0.250000
2025-03-05 14:15:34,118 [PID-2313603] RANDOMFOREST contribution: 0.250000
2025-03-05 14:15:34,118 [PID-2313603] SVM contribution: 0.100000
2025-03-05 14:15:34,119 [PID-2313603] Final ensemble probability: 0.449415
2025-03-05 14:15:34,222 [PID-2313603] Traffic encrypted
2025-03-05 14:15:34,227 [PID-2313603] CNN prediction: 1.000000
2025-03-05 14:15:34,229 [PID-2313603] LSTM prediction: 0.095961
2025-03-05 14:15:34,230 [PID-2313603] DNN prediction: 1.000000
2025-03-05 14:15:34,231 [PID-2313603] SVM prediction: 0.000000
2025-03-05 14:15:34,277 [PID-2313603] RANDOMFOREST prediction: 0.655530
2025-03-05 14:15:34,277 [PID-2313603] CNN contribution: 0.120000
2025-03-05 14:15:34,277 [PID-2313603] LSTM contribution: 0.130000
2025-03-05 14:15:34,277 [PID-2313603] DNN contribution: 0.150000
2025-03-05 14:15:34,277 [PID-2313603] XGBOOST contribution: 0.250000
2025-03-05 14:15:34,277 [PID-2313603] RANDOMFOREST contribution: 0.250000
2025-03-05 14:15:34,277 [PID-2313603] SVM contribution: 0.100000
2025-03-05 14:15:34,277 [PID-2313603] Final ensemble probability: 0.446357
2025-03-05 14:15:34,281 [PID-2313603] CNN prediction: 1.000000
2025-03-05 14:15:34,284 [PID-2313603] LSTM prediction: 0.095961
2025-03-05 14:15:34,285 [PID-2313603] DNN prediction: 1.000000
2025-03-05 14:15:34,285 [PID-2313603] SVM prediction: 0.000000
2025-03-05 14:15:34,327 [PID-2313603] RANDOMFOREST prediction: 0.655530
2025-03-05 14:15:34,327 [PID-2313603] CNN contribution: 0.120000
2025-03-05 14:15:34,327 [PID-2313603] LSTM contribution: 0.130000
2025-03-05 14:15:34,327 [PID-2313603] DNN contribution: 0.150000
2025-03-05 14:15:34,327 [PID-2313603] XGBOOST contribution: 0.250000
2025-03-05 14:15:34,327 [PID-2313603] RANDOMFOREST contribution: 0.250000
2025-03-05 14:15:34,327 [PID-2313603] SVM contribution: 0.100000
2025-03-05 14:15:34,327 [PID-2313603] Final ensemble probability: 0.446357
2025-03-05 14:15:34,430 [PID-2313603] Traffic encrypted
2025-03-05 14:15:34,434 [PID-2313603] CNN prediction: 1.000000
2025-03-05 14:15:34,437 [PID-2313603] LSTM prediction: 0.014870
2025-03-05 14:15:34,438 [PID-2313603] DNN prediction: 1.000000
2025-03-05 14:15:34,438 [PID-2313603] SVM prediction: 0.000000
2025-03-05 14:15:34,475 [PID-2313603] RANDOMFOREST prediction: 0.622017
2025-03-05 14:15:34,475 [PID-2313603] CNN contribution: 0.120000
2025-03-05 14:15:34,475 [PID-2313603] LSTM contribution: 0.130000
2025-03-05 14:15:34,475 [PID-2313603] DNN contribution: 0.150000
2025-03-05 14:15:34,475 [PID-2313603] XGBOOST contribution: 0.250000
2025-03-05 14:15:34,475 [PID-2313603] RANDOMFOREST contribution: 0.250000
2025-03-05 14:15:34,475 [PID-2313603] SVM contribution: 0.100000
2025-03-05 14:15:34,476 [PID-2313603] Final ensemble probability: 0.427437
2025-03-05 14:15:34,480 [PID-2313603] CNN prediction: 1.000000
2025-03-05 14:15:34,482 [PID-2313603] LSTM prediction: 0.014870
2025-03-05 14:15:34,483 [PID-2313603] DNN prediction: 1.000000
2025-03-05 14:15:34,484 [PID-2313603] SVM prediction: 0.000000
2025-03-05 14:15:34,522 [PID-2313603] RANDOMFOREST prediction: 0.622017
2025-03-05 14:15:34,523 [PID-2313603] CNN contribution: 0.120000
2025-03-05 14:15:34,523 [PID-2313603] LSTM contribution: 0.130000
2025-03-05 14:15:34,523 [PID-2313603] DNN contribution: 0.150000
2025-03-05 14:15:34,523 [PID-2313603] XGBOOST contribution: 0.250000
2025-03-05 14:15:34,523 [PID-2313603] RANDOMFOREST contribution: 0.250000
2025-03-05 14:15:34,523 [PID-2313603] SVM contribution: 0.100000
2025-03-05 14:15:34,523 [PID-2313603] Final ensemble probability: 0.427437
2025-03-05 14:15:34,626 [PID-2313603] Traffic encrypted
2025-03-05 14:15:34,631 [PID-2313603] CNN prediction: 0.000000
2025-03-05 14:15:34,633 [PID-2313603] LSTM prediction: 0.129017
2025-03-05 14:15:34,634 [PID-2313603] DNN prediction: 1.000000
2025-03-05 14:15:34,634 [PID-2313603] SVM prediction: 1.000000
2025-03-05 14:15:34,684 [PID-2313603] RANDOMFOREST prediction: 0.658622
2025-03-05 14:15:34,684 [PID-2313603] CNN contribution: 0.120000
2025-03-05 14:15:34,684 [PID-2313603] LSTM contribution: 0.130000
2025-03-05 14:15:34,685 [PID-2313603] DNN contribution: 0.150000
2025-03-05 14:15:34,685 [PID-2313603] XGBOOST contribution: 0.250000
2025-03-05 14:15:34,685 [PID-2313603] RANDOMFOREST contribution: 0.250000
2025-03-05 14:15:34,685 [PID-2313603] SVM contribution: 0.100000
2025-03-05 14:15:34,685 [PID-2313603] Final ensemble probability: 0.431428
2025-03-05 14:15:34,689 [PID-2313603] CNN prediction: 0.000000
2025-03-05 14:15:34,692 [PID-2313603] LSTM prediction: 0.129017
2025-03-05 14:15:34,693 [PID-2313603] DNN prediction: 1.000000
2025-03-05 14:15:34,694 [PID-2313603] SVM prediction: 1.000000
2025-03-05 14:15:34,733 [PID-2313603] RANDOMFOREST prediction: 0.658622
2025-03-05 14:15:34,733 [PID-2313603] CNN contribution: 0.120000
2025-03-05 14:15:34,733 [PID-2313603] LSTM contribution: 0.130000
2025-03-05 14:15:34,733 [PID-2313603] DNN contribution: 0.150000
2025-03-05 14:15:34,733 [PID-2313603] XGBOOST contribution: 0.250000
2025-03-05 14:15:34,734 [PID-2313603] RANDOMFOREST contribution: 0.250000
2025-03-05 14:15:34,734 [PID-2313603] SVM contribution: 0.100000
2025-03-05 14:15:34,734 [PID-2313603] Final ensemble probability: 0.431428
2025-03-05 14:15:34,837 [PID-2313603] Traffic encrypted
2025-03-05 14:15:34,842 [PID-2313603] CNN prediction: 1.000000
2025-03-05 14:15:34,845 [PID-2313603] LSTM prediction: 0.085536
2025-03-05 14:15:34,846 [PID-2313603] DNN prediction: 1.000000
2025-03-05 14:15:34,846 [PID-2313603] SVM prediction: 0.000000
2025-03-05 14:15:34,898 [PID-2313603] RANDOMFOREST prediction: 0.624083
2025-03-05 14:15:34,899 [PID-2313603] CNN contribution: 0.120000
2025-03-05 14:15:34,899 [PID-2313603] LSTM contribution: 0.130000
2025-03-05 14:15:34,899 [PID-2313603] DNN contribution: 0.150000
2025-03-05 14:15:34,899 [PID-2313603] XGBOOST contribution: 0.250000
2025-03-05 14:15:34,899 [PID-2313603] RANDOMFOREST contribution: 0.250000
2025-03-05 14:15:34,899 [PID-2313603] SVM contribution: 0.100000
2025-03-05 14:15:34,899 [PID-2313603] Final ensemble probability: 0.437140
2025-03-05 14:15:34,903 [PID-2313603] CNN prediction: 1.000000
2025-03-05 14:15:34,905 [PID-2313603] LSTM prediction: 0.085536
2025-03-05 14:15:34,906 [PID-2313603] DNN prediction: 1.000000
2025-03-05 14:15:34,906 [PID-2313603] SVM prediction: 0.000000
2025-03-05 14:15:34,952 [PID-2313603] RANDOMFOREST prediction: 0.624083
2025-03-05 14:15:34,952 [PID-2313603] CNN contribution: 0.120000
2025-03-05 14:15:34,953 [PID-2313603] LSTM contribution: 0.130000
2025-03-05 14:15:34,953 [PID-2313603] DNN contribution: 0.150000
2025-03-05 14:15:34,953 [PID-2313603] XGBOOST contribution: 0.250000
2025-03-05 14:15:34,953 [PID-2313603] RANDOMFOREST contribution: 0.250000
2025-03-05 14:15:34,953 [PID-2313603] SVM contribution: 0.100000
2025-03-05 14:15:34,953 [PID-2313603] Final ensemble probability: 0.437140
2025-03-05 14:15:34,953 [PID-2313603] Collected 30/100 labeled samples for adaptation
2025-03-05 14:15:35,056 [PID-2313603] Traffic encrypted
2025-03-05 14:15:35,060 [PID-2313603] CNN prediction: 1.000000
2025-03-05 14:15:35,062 [PID-2313603] LSTM prediction: 0.119308
2025-03-05 14:15:35,063 [PID-2313603] DNN prediction: 1.000000
2025-03-05 14:15:35,064 [PID-2313603] SVM prediction: 0.000000
2025-03-05 14:15:35,118 [PID-2313603] RANDOMFOREST prediction: 0.658773
2025-03-05 14:15:35,118 [PID-2313603] CNN contribution: 0.120000
2025-03-05 14:15:35,118 [PID-2313603] LSTM contribution: 0.130000
2025-03-05 14:15:35,118 [PID-2313603] DNN contribution: 0.150000
2025-03-05 14:15:35,118 [PID-2313603] XGBOOST contribution: 0.250000
2025-03-05 14:15:35,119 [PID-2313603] RANDOMFOREST contribution: 0.250000
2025-03-05 14:15:35,119 [PID-2313603] SVM contribution: 0.100000
2025-03-05 14:15:35,119 [PID-2313603] Final ensemble probability: 0.450203
2025-03-05 14:15:35,124 [PID-2313603] CNN prediction: 1.000000
2025-03-05 14:15:35,128 [PID-2313603] LSTM prediction: 0.119308
2025-03-05 14:15:35,129 [PID-2313603] DNN prediction: 1.000000
2025-03-05 14:15:35,130 [PID-2313603] SVM prediction: 0.000000
2025-03-05 14:15:35,183 [PID-2313603] RANDOMFOREST prediction: 0.658773
2025-03-05 14:15:35,183 [PID-2313603] CNN contribution: 0.120000
2025-03-05 14:15:35,183 [PID-2313603] LSTM contribution: 0.130000
2025-03-05 14:15:35,184 [PID-2313603] DNN contribution: 0.150000
2025-03-05 14:15:35,184 [PID-2313603] XGBOOST contribution: 0.250000
2025-03-05 14:15:35,184 [PID-2313603] RANDOMFOREST contribution: 0.250000
2025-03-05 14:15:35,184 [PID-2313603] SVM contribution: 0.100000
2025-03-05 14:15:35,184 [PID-2313603] Final ensemble probability: 0.450203
2025-03-05 14:15:35,287 [PID-2313603] Traffic encrypted
2025-03-05 14:15:35,291 [PID-2313603] CNN prediction: 0.000000
2025-03-05 14:15:35,294 [PID-2313603] LSTM prediction: 0.444910
2025-03-05 14:15:35,294 [PID-2313603] DNN prediction: 1.000000
2025-03-05 14:15:35,295 [PID-2313603] SVM prediction: 0.000000
2025-03-05 14:15:35,342 [PID-2313603] RANDOMFOREST prediction: 0.628292
2025-03-05 14:15:35,342 [PID-2313603] CNN contribution: 0.120000
2025-03-05 14:15:35,343 [PID-2313603] LSTM contribution: 0.130000
2025-03-05 14:15:35,343 [PID-2313603] DNN contribution: 0.150000
2025-03-05 14:15:35,343 [PID-2313603] XGBOOST contribution: 0.250000
2025-03-05 14:15:35,343 [PID-2313603] RANDOMFOREST contribution: 0.250000
2025-03-05 14:15:35,343 [PID-2313603] SVM contribution: 0.100000
2025-03-05 14:15:35,343 [PID-2313603] Final ensemble probability: 0.364911
2025-03-05 14:15:35,347 [PID-2313603] CNN prediction: 0.000000
2025-03-05 14:15:35,350 [PID-2313603] LSTM prediction: 0.444910
2025-03-05 14:15:35,351 [PID-2313603] DNN prediction: 1.000000
2025-03-05 14:15:35,351 [PID-2313603] SVM prediction: 0.000000
2025-03-05 14:15:35,510 [PID-2313603] RANDOMFOREST prediction: 0.628292
2025-03-05 14:15:35,510 [PID-2313603] CNN contribution: 0.120000
2025-03-05 14:15:35,510 [PID-2313603] LSTM contribution: 0.130000
2025-03-05 14:15:35,510 [PID-2313603] DNN contribution: 0.150000
2025-03-05 14:15:35,511 [PID-2313603] XGBOOST contribution: 0.250000
2025-03-05 14:15:35,511 [PID-2313603] RANDOMFOREST contribution: 0.250000
2025-03-05 14:15:35,511 [PID-2313603] SVM contribution: 0.100000
2025-03-05 14:15:35,511 [PID-2313603] Final ensemble probability: 0.364911
2025-03-05 14:15:35,614 [PID-2313603] Traffic encrypted
2025-03-05 14:15:35,619 [PID-2313603] CNN prediction: 1.000000
2025-03-05 14:15:35,622 [PID-2313603] LSTM prediction: 0.853773
2025-03-05 14:15:35,623 [PID-2313603] DNN prediction: 1.000000
2025-03-05 14:15:35,624 [PID-2313603] SVM prediction: 0.000000
2025-03-05 14:15:35,662 [PID-2313603] RANDOMFOREST prediction: 0.635340
2025-03-05 14:15:35,662 [PID-2313603] CNN contribution: 0.120000
2025-03-05 14:15:35,663 [PID-2313603] LSTM contribution: 0.130000
2025-03-05 14:15:35,663 [PID-2313603] DNN contribution: 0.150000
2025-03-05 14:15:35,663 [PID-2313603] XGBOOST contribution: 0.250000
2025-03-05 14:15:35,663 [PID-2313603] RANDOMFOREST contribution: 0.250000
2025-03-05 14:15:35,663 [PID-2313603] SVM contribution: 0.100000
2025-03-05 14:15:35,663 [PID-2313603] Final ensemble probability: 0.539826
2025-03-05 14:15:35,667 [PID-2313603] CNN prediction: 1.000000
2025-03-05 14:15:35,670 [PID-2313603] LSTM prediction: 0.853773
2025-03-05 14:15:35,671 [PID-2313603] DNN prediction: 1.000000
2025-03-05 14:15:35,672 [PID-2313603] SVM prediction: 0.000000
2025-03-05 14:15:35,721 [PID-2313603] RANDOMFOREST prediction: 0.635340
2025-03-05 14:15:35,721 [PID-2313603] CNN contribution: 0.120000
2025-03-05 14:15:35,722 [PID-2313603] LSTM contribution: 0.130000
2025-03-05 14:15:35,722 [PID-2313603] DNN contribution: 0.150000
2025-03-05 14:15:35,722 [PID-2313603] XGBOOST contribution: 0.250000
2025-03-05 14:15:35,722 [PID-2313603] RANDOMFOREST contribution: 0.250000
2025-03-05 14:15:35,722 [PID-2313603] SVM contribution: 0.100000
2025-03-05 14:15:35,722 [PID-2313603] Final ensemble probability: 0.539826
2025-03-05 14:15:35,826 [PID-2313603] Traffic encrypted
2025-03-05 14:15:35,832 [PID-2313603] CNN prediction: 0.000000
2025-03-05 14:15:35,835 [PID-2313603] LSTM prediction: 0.264607
2025-03-05 14:15:35,836 [PID-2313603] DNN prediction: 1.000000
2025-03-05 14:15:35,837 [PID-2313603] SVM prediction: 1.000000
2025-03-05 14:15:35,904 [PID-2313603] RANDOMFOREST prediction: 0.628401
2025-03-05 14:15:35,904 [PID-2313603] CNN contribution: 0.120000
2025-03-05 14:15:35,904 [PID-2313603] LSTM contribution: 0.130000
2025-03-05 14:15:35,905 [PID-2313603] DNN contribution: 0.150000
2025-03-05 14:15:35,905 [PID-2313603] XGBOOST contribution: 0.250000
2025-03-05 14:15:35,905 [PID-2313603] RANDOMFOREST contribution: 0.250000
2025-03-05 14:15:35,905 [PID-2313603] SVM contribution: 0.100000
2025-03-05 14:15:35,905 [PID-2313603] Final ensemble probability: 0.441499
2025-03-05 14:15:35,909 [PID-2313603] CNN prediction: 0.000000
2025-03-05 14:15:35,912 [PID-2313603] LSTM prediction: 0.264607
2025-03-05 14:15:35,913 [PID-2313603] DNN prediction: 1.000000
2025-03-05 14:15:35,914 [PID-2313603] SVM prediction: 1.000000
2025-03-05 14:15:35,967 [PID-2313603] RANDOMFOREST prediction: 0.628401
2025-03-05 14:15:35,967 [PID-2313603] CNN contribution: 0.120000
2025-03-05 14:15:35,967 [PID-2313603] LSTM contribution: 0.130000
2025-03-05 14:15:35,967 [PID-2313603] DNN contribution: 0.150000
2025-03-05 14:15:35,967 [PID-2313603] XGBOOST contribution: 0.250000
2025-03-05 14:15:35,967 [PID-2313603] RANDOMFOREST contribution: 0.250000
2025-03-05 14:15:35,967 [PID-2313603] SVM contribution: 0.100000
2025-03-05 14:15:35,967 [PID-2313603] Final ensemble probability: 0.441499
2025-03-05 14:15:36,070 [PID-2313603] Traffic encrypted
2025-03-05 14:15:36,074 [PID-2313603] CNN prediction: 1.000000
2025-03-05 14:15:36,076 [PID-2313603] LSTM prediction: 0.111305
2025-03-05 14:15:36,077 [PID-2313603] DNN prediction: 1.000000
2025-03-05 14:15:36,078 [PID-2313603] SVM prediction: 0.000000
2025-03-05 14:15:36,109 [PID-2313603] Network simulation stopped
