2024-12-30 10:53:12,669 - INFO - Using GPU: NVIDIA GeForce RTX 3080
2024-12-30 10:53:12,669 - INFO - Loading and preprocessing data...
2024-12-30 10:53:12,669 - INFO - Loading training data from /home/seyitope/recent_ids_model/data/UNSW_NB15_training-set.csv
2024-12-30 10:53:12,669 - INFO - Loading testing data from /home/seyitope/recent_ids_model/data/UNSW_NB15_testing-set.csv
2024-12-30 10:53:15,502 - INFO - Data preprocessing completed. Training set shape: (206138, 196)
2024-12-30 10:53:15,515 - INFO - Data loaded successfully. Training set shape: (206138, 196)
2024-12-30 10:53:15,515 - INFO - 
Starting neural model training...
2024-12-30 10:53:15,660 - INFO - 
Training CNN...
2024-12-30 10:53:15,661 - INFO - Training CNN...
2024-12-30 10:58:46,635 - INFO - Epoch 5: Train Loss = 0.1687, Test Loss = 0.1603, Train F1 = 0.9292, Test F1 = 0.9330, LR = 0.000280
2024-12-30 11:04:17,373 - INFO - Epoch 10: Train Loss = 0.1499, Test Loss = 0.1421, Train F1 = 0.9409, Test F1 = 0.9468, LR = 0.000760
2024-12-30 11:09:48,523 - INFO - Epoch 15: Train Loss = 0.1445, Test Loss = 0.1401, Train F1 = 0.9444, Test F1 = 0.9481, LR = 0.001000
2024-12-30 11:15:20,590 - INFO - Epoch 20: Train Loss = 0.1417, Test Loss = 0.1375, Train F1 = 0.9455, Test F1 = 0.9485, LR = 0.000950
2024-12-30 11:20:49,807 - INFO - Epoch 25: Train Loss = 0.1382, Test Loss = 0.1367, Train F1 = 0.9468, Test F1 = 0.9490, LR = 0.000812
2024-12-30 11:25:14,342 - INFO - Early stopping triggered at epoch 29
2024-12-30 11:25:14,365 - INFO - 
Training LSTM...
2024-12-30 11:25:14,366 - INFO - Training LSTM...
2024-12-30 11:31:08,648 - INFO - Epoch 5: Train Loss = 0.2045, Test Loss = 0.1619, Train F1 = 0.9195, Test F1 = 0.9304, LR = 0.000280
2024-12-30 11:37:04,005 - INFO - Epoch 10: Train Loss = 0.1646, Test Loss = 0.1460, Train F1 = 0.9323, Test F1 = 0.9424, LR = 0.000760
2024-12-30 11:42:59,370 - INFO - Epoch 15: Train Loss = 0.1483, Test Loss = 0.1411, Train F1 = 0.9391, Test F1 = 0.9429, LR = 0.001000
2024-12-30 11:48:55,100 - INFO - Epoch 20: Train Loss = 0.1397, Test Loss = 0.1373, Train F1 = 0.9443, Test F1 = 0.9436, LR = 0.000950
2024-12-30 11:54:49,952 - INFO - Epoch 25: Train Loss = 0.1332, Test Loss = 0.1282, Train F1 = 0.9472, Test F1 = 0.9493, LR = 0.000812
2024-12-30 12:00:45,045 - INFO - Epoch 30: Train Loss = 0.1283, Test Loss = 0.1245, Train F1 = 0.9498, Test F1 = 0.9507, LR = 0.000611
2024-12-30 12:01:55,966 - INFO - Early stopping triggered at epoch 31
2024-12-30 12:01:56,021 - INFO - 
Training DNN...
2024-12-30 12:01:56,022 - INFO - Training DNN...
2024-12-30 12:05:27,213 - INFO - Epoch 5: Train Loss = 0.1802, Test Loss = 0.1690, Train F1 = 0.9260, Test F1 = 0.9267, LR = 0.000280
2024-12-30 12:08:54,640 - INFO - Epoch 10: Train Loss = 0.1566, Test Loss = 0.1520, Train F1 = 0.9365, Test F1 = 0.9423, LR = 0.000760
2024-12-30 12:12:15,440 - INFO - Epoch 15: Train Loss = 0.1489, Test Loss = 0.1483, Train F1 = 0.9404, Test F1 = 0.9447, LR = 0.001000
2024-12-30 12:15:42,852 - INFO - Epoch 20: Train Loss = 0.1435, Test Loss = 0.1414, Train F1 = 0.9439, Test F1 = 0.9462, LR = 0.000950
2024-12-30 12:19:12,312 - INFO - Epoch 25: Train Loss = 0.1397, Test Loss = 0.1389, Train F1 = 0.9454, Test F1 = 0.9490, LR = 0.000812
2024-12-30 12:22:41,971 - INFO - Epoch 30: Train Loss = 0.1363, Test Loss = 0.1369, Train F1 = 0.9468, Test F1 = 0.9492, LR = 0.000611
2024-12-30 12:26:12,873 - INFO - Epoch 35: Train Loss = 0.1334, Test Loss = 0.1336, Train F1 = 0.9478, Test F1 = 0.9503, LR = 0.000389
2024-12-30 12:27:37,153 - INFO - Early stopping triggered at epoch 37
2024-12-30 12:27:37,176 - INFO - 
Starting traditional model training...
2024-12-30 12:27:37,176 - INFO - 
Training XGBoost...
2024-12-30 12:27:37,176 - INFO - Training XGBoost...
2024-12-30 12:27:43,467 - INFO - XGBoost training completed
2024-12-30 12:27:43,468 - INFO - Test metrics: {'accuracy': 0.9480159115164452, 'precision': 0.9649333087466961, 'recall': 0.9533019584029149, 'f1_score': 0.959082369831839}
2024-12-30 12:27:43,472 - INFO - 
Training RandomForest...
2024-12-30 12:27:43,472 - INFO - Training RandomForest...
2024-12-30 12:27:55,681 - INFO - Top 10 important features:
6     0.096288
28    0.065219
8     0.050297
3     0.046515
23    0.045752
4     0.042277
9     0.038418
5     0.038163
37    0.036102
7     0.034905
dtype: float64
2024-12-30 12:27:55,699 - INFO - RandomForest training completed
2024-12-30 12:27:55,699 - INFO - Test metrics: {'accuracy': 0.9458232269331522, 'precision': 0.9768405732907267, 'recall': 0.9374525580689237, 'f1_score': 0.9567413467199652}
2024-12-30 12:27:56,196 - INFO - 
Training SVM...
2024-12-30 12:27:56,197 - INFO - Training SVM...
2024-12-30 12:31:23,831 - INFO - SVM training completed
2024-12-30 12:31:23,831 - INFO - Test metrics: {'accuracy': 0.9026098767827689, 'precision': 0.9355341987019471, 'recall': 0.9103385456201609, 'f1_score': 0.9227644153086192}
2024-12-30 12:31:23,833 - INFO - 
Training completed. Final results:
2024-12-30 12:31:23,833 - INFO - 
Neural Models:
2024-12-30 12:31:23,834 - INFO - CNN:
2024-12-30 12:31:23,834 - INFO -   accuracy: 0.9364
2024-12-30 12:31:23,834 - INFO -   precision: 0.9643
2024-12-30 12:31:23,834 - INFO -   recall: 0.9351
2024-12-30 12:31:23,834 - INFO -   f1_score: 0.9495
2024-12-30 12:31:23,834 - INFO -   loss: 0.1354
2024-12-30 12:31:23,834 - INFO - LSTM:
2024-12-30 12:31:23,834 - INFO -   accuracy: 0.9385
2024-12-30 12:31:23,834 - INFO -   precision: 0.9603
2024-12-30 12:31:23,834 - INFO -   recall: 0.9427
2024-12-30 12:31:23,834 - INFO -   f1_score: 0.9514
2024-12-30 12:31:23,834 - INFO -   loss: 0.1239
2024-12-30 12:31:23,834 - INFO - DNN:
2024-12-30 12:31:23,834 - INFO -   accuracy: 0.9365
2024-12-30 12:31:23,834 - INFO -   precision: 0.9564
2024-12-30 12:31:23,834 - INFO -   recall: 0.9437
2024-12-30 12:31:23,834 - INFO -   f1_score: 0.9500
2024-12-30 12:31:23,834 - INFO -   loss: 0.1335
2024-12-30 12:31:23,834 - INFO - 
Traditional Models:
2024-12-30 12:31:23,834 - INFO - XGBoost:
2024-12-30 12:31:23,834 - INFO -   accuracy: 0.9480
2024-12-30 12:31:23,834 - INFO -   precision: 0.9649
2024-12-30 12:31:23,834 - INFO -   recall: 0.9533
2024-12-30 12:31:23,834 - INFO -   f1_score: 0.9591
2024-12-30 12:31:23,834 - INFO - RandomForest:
2024-12-30 12:31:23,835 - INFO -   accuracy: 0.9458
2024-12-30 12:31:23,835 - INFO -   precision: 0.9768
2024-12-30 12:31:23,835 - INFO -   recall: 0.9375
2024-12-30 12:31:23,835 - INFO -   f1_score: 0.9567
2024-12-30 12:31:23,835 - INFO - SVM:
2024-12-30 12:31:23,835 - INFO -   accuracy: 0.9026
2024-12-30 12:31:23,835 - INFO -   precision: 0.9355
2024-12-30 12:31:23,835 - INFO -   recall: 0.9103
2024-12-30 12:31:23,835 - INFO -   f1_score: 0.9228
