2024-12-29 15:10:50,999 - INFO - Using GPU: NVIDIA GeForce RTX 3080
2024-12-29 15:10:50,999 - INFO - Loading and preprocessing data...
2024-12-29 15:10:50,999 - INFO - Loading training data from /home/seyitope/recent_ids_model/data/UNSW_NB15_training-set.csv
2024-12-29 15:10:50,999 - INFO - Loading testing data from /home/seyitope/recent_ids_model/data/UNSW_NB15_testing-set.csv
2024-12-29 15:10:53,806 - INFO - Data preprocessing completed. Training set shape: (206138, 196)
2024-12-29 15:10:53,819 - INFO - Data loaded successfully. Training set shape: (206138, 196)
2024-12-29 15:10:53,819 - INFO - 
Starting neural model training...
2024-12-29 15:10:53,845 - INFO - 
Training CNN...
2024-12-29 15:10:53,846 - INFO - Training CNN...
2024-12-29 15:10:53,846 - ERROR - Error training CNN: 'NeuralTrainer' object has no attribute '_prepare_data_loader'
2024-12-29 15:10:53,846 - ERROR - Error training CNN: 'NeuralTrainer' object has no attribute '_prepare_data_loader'
2024-12-29 15:10:53,846 - INFO - 
Training LSTM...
2024-12-29 15:10:53,846 - INFO - Training LSTM...
2024-12-29 15:10:53,846 - ERROR - Error training LSTM: 'NeuralTrainer' object has no attribute '_prepare_data_loader'
2024-12-29 15:10:53,846 - ERROR - Error training LSTM: 'NeuralTrainer' object has no attribute '_prepare_data_loader'
2024-12-29 15:10:53,846 - INFO - 
Training DNN...
2024-12-29 15:10:53,847 - INFO - Training DNN...
2024-12-29 15:10:53,847 - ERROR - Error training DNN: 'NeuralTrainer' object has no attribute '_prepare_data_loader'
2024-12-29 15:10:53,847 - ERROR - Error training DNN: 'NeuralTrainer' object has no attribute '_prepare_data_loader'
2024-12-29 15:10:53,847 - INFO - 
Starting traditional model training...
2024-12-29 15:10:53,848 - INFO - 
Training XGBoost...
2024-12-29 15:10:53,848 - INFO - Training XGBoost...
2024-12-29 15:10:56,392 - ERROR - Error training XGBoost: 'loss'
2024-12-29 15:10:56,392 - ERROR - Error training XGBoost: 'loss'
2024-12-29 15:10:56,393 - INFO - 
Training RandomForest...
2024-12-29 15:10:56,394 - INFO - Training RandomForest...
2024-12-29 15:10:56,394 - ERROR - Error training RandomForest: fit() got an unexpected keyword argument 'eval_set'
2024-12-29 15:10:56,394 - ERROR - Error training RandomForest: fit() got an unexpected keyword argument 'eval_set'
2024-12-29 15:10:56,394 - INFO - 
Training SVM...
2024-12-29 15:10:56,394 - INFO - Training SVM...
