2024-12-30 18:04:23,788 - INFO - Cryptographic keys generated successfully
2024-12-30 18:04:23,788 - INFO - Loading cnn model from /home/seyitope/recent_ids_model/results/models/cnn_model.pth
2024-12-30 18:04:23,792 - INFO - Successfully loaded CNN model
2024-12-30 18:04:23,792 - INFO - Loading lstm model from /home/seyitope/recent_ids_model/results/models/lstm_model.pth
2024-12-30 18:04:23,799 - INFO - Successfully loaded LSTM model
2024-12-30 18:04:23,799 - INFO - Loading dnn model from /home/seyitope/recent_ids_model/results/models/dnn_model.pth
2024-12-30 18:04:23,801 - INFO - Successfully loaded DNN model
2024-12-30 18:04:24,238 - INFO - Successfully loaded SVM model
2024-12-30 18:04:24,238 - INFO - Loaded ensemble of 4 models successfully
2024-12-30 18:04:24,239 - INFO - Network simulation started
2024-12-30 18:04:24,241 - INFO - Traffic encrypted
2024-12-30 18:04:24,261 - ERROR - Error in intrusion detection: 'dict' object has no attribute 'decision_function'
2024-12-30 18:04:24,261 - INFO - Simulation progress: 0.0%
2024-12-30 18:04:24,362 - INFO - Traffic encrypted
2024-12-30 18:04:24,363 - ERROR - Error in intrusion detection: 'dict' object has no attribute 'decision_function'
2024-12-30 18:04:24,363 - INFO - Simulation progress: 0.0%
2024-12-30 18:04:24,464 - INFO - Traffic encrypted
2024-12-30 18:04:24,464 - ERROR - Error in intrusion detection: 'dict' object has no attribute 'decision_function'
2024-12-30 18:04:24,464 - INFO - Simulation progress: 0.0%
2024-12-30 18:04:24,566 - INFO - Traffic encrypted
2024-12-30 18:04:24,567 - ERROR - Error in intrusion detection: 'dict' object has no attribute 'decision_function'
2024-12-30 18:04:24,567 - INFO - Simulation progress: 0.1%
2024-12-30 18:04:24,669 - INFO - Traffic encrypted
2024-12-30 18:04:24,669 - ERROR - Error in intrusion detection: 'dict' object has no attribute 'decision_function'
2024-12-30 18:04:24,669 - INFO - Simulation progress: 0.1%
2024-12-30 18:04:24,771 - INFO - Traffic encrypted
2024-12-30 18:04:24,772 - ERROR - Error in intrusion detection: 'dict' object has no attribute 'decision_function'
2024-12-30 18:04:24,772 - INFO - Simulation progress: 0.1%
2024-12-30 18:04:24,874 - INFO - Traffic encrypted
2024-12-30 18:04:24,874 - ERROR - Error in intrusion detection: 'dict' object has no attribute 'decision_function'
2024-12-30 18:04:24,874 - INFO - Simulation progress: 0.1%
2024-12-30 18:04:24,976 - INFO - Traffic encrypted
2024-12-30 18:04:24,976 - ERROR - Error in intrusion detection: 'dict' object has no attribute 'decision_function'
2024-12-30 18:04:24,977 - INFO - Simulation progress: 0.1%
2024-12-30 18:04:25,079 - INFO - Traffic encrypted
2024-12-30 18:04:25,079 - ERROR - Error in intrusion detection: 'dict' object has no attribute 'decision_function'
2024-12-30 18:04:25,079 - INFO - Simulation progress: 0.1%
2024-12-30 18:04:25,181 - INFO - Traffic encrypted
2024-12-30 18:04:25,181 - ERROR - Error in intrusion detection: 'dict' object has no attribute 'decision_function'
2024-12-30 18:04:25,182 - INFO - Simulation progress: 0.2%
2024-12-30 18:04:25,284 - INFO - Traffic encrypted
2024-12-30 18:04:25,284 - ERROR - Error in intrusion detection: 'dict' object has no attribute 'decision_function'
2024-12-30 18:04:25,386 - INFO - Traffic encrypted
2024-12-30 18:04:25,386 - ERROR - Error in intrusion detection: 'dict' object has no attribute 'decision_function'
2024-12-30 18:04:25,488 - INFO - Traffic encrypted
2024-12-30 18:04:25,489 - ERROR - Error in intrusion detection: 'dict' object has no attribute 'decision_function'
2024-12-30 18:04:25,591 - INFO - Traffic encrypted
2024-12-30 18:04:25,591 - ERROR - Error in intrusion detection: 'dict' object has no attribute 'decision_function'
2024-12-30 18:04:25,693 - INFO - Traffic encrypted
2024-12-30 18:04:25,694 - ERROR - Error in intrusion detection: 'dict' object has no attribute 'decision_function'
2024-12-30 18:04:25,796 - INFO - Traffic encrypted
2024-12-30 18:04:25,796 - ERROR - Error in intrusion detection: 'dict' object has no attribute 'decision_function'
2024-12-30 18:04:25,898 - INFO - Traffic encrypted
2024-12-30 18:04:25,898 - ERROR - Error in intrusion detection: 'dict' object has no attribute 'decision_function'
2024-12-30 18:04:26,000 - INFO - Traffic encrypted
2024-12-30 18:04:26,001 - ERROR - Error in intrusion detection: 'dict' object has no attribute 'decision_function'
2024-12-30 18:04:26,103 - INFO - Traffic encrypted
2024-12-30 18:04:26,103 - ERROR - Error in intrusion detection: 'dict' object has no attribute 'decision_function'
2024-12-30 18:04:26,205 - INFO - Traffic encrypted
2024-12-30 18:04:26,206 - ERROR - Error in intrusion detection: 'dict' object has no attribute 'decision_function'
2024-12-30 18:04:26,308 - INFO - Traffic encrypted
2024-12-30 18:04:26,308 - ERROR - Error in intrusion detection: 'dict' object has no attribute 'decision_function'
2024-12-30 18:04:26,410 - INFO - Traffic encrypted
2024-12-30 18:04:26,411 - ERROR - Error in intrusion detection: 'dict' object has no attribute 'decision_function'
2024-12-30 18:04:26,513 - INFO - Traffic encrypted
2024-12-30 18:04:26,513 - ERROR - Error in intrusion detection: 'dict' object has no attribute 'decision_function'
2024-12-30 18:04:26,615 - INFO - Traffic encrypted
2024-12-30 18:04:26,615 - ERROR - Error in intrusion detection: 'dict' object has no attribute 'decision_function'
2024-12-30 18:04:26,717 - INFO - Traffic encrypted
2024-12-30 18:04:26,718 - ERROR - Error in intrusion detection: 'dict' object has no attribute 'decision_function'
2024-12-30 18:04:26,820 - INFO - Traffic encrypted
2024-12-30 18:04:26,820 - ERROR - Error in intrusion detection: 'dict' object has no attribute 'decision_function'
2024-12-30 18:04:26,922 - INFO - Traffic encrypted
2024-12-30 18:04:26,923 - ERROR - Error in intrusion detection: 'dict' object has no attribute 'decision_function'
2024-12-30 18:04:27,025 - INFO - Traffic encrypted
2024-12-30 18:04:27,025 - ERROR - Error in intrusion detection: 'dict' object has no attribute 'decision_function'
2024-12-30 18:04:27,127 - INFO - Traffic encrypted
2024-12-30 18:04:27,128 - ERROR - Error in intrusion detection: 'dict' object has no attribute 'decision_function'
2024-12-30 18:04:27,230 - INFO - Traffic encrypted
2024-12-30 18:04:27,231 - ERROR - Error in intrusion detection: 'dict' object has no attribute 'decision_function'
2024-12-30 18:04:27,333 - INFO - Traffic encrypted
2024-12-30 18:04:27,334 - ERROR - Error in intrusion detection: 'dict' object has no attribute 'decision_function'
2024-12-30 18:04:27,436 - INFO - Traffic encrypted
2024-12-30 18:04:27,437 - ERROR - Error in intrusion detection: 'dict' object has no attribute 'decision_function'
2024-12-30 18:04:27,539 - INFO - Traffic encrypted
2024-12-30 18:04:27,540 - ERROR - Error in intrusion detection: 'dict' object has no attribute 'decision_function'
2024-12-30 18:04:27,642 - INFO - Traffic encrypted
2024-12-30 18:04:27,643 - ERROR - Error in intrusion detection: 'dict' object has no attribute 'decision_function'
2024-12-30 18:04:27,745 - INFO - Traffic encrypted
2024-12-30 18:04:27,746 - ERROR - Error in intrusion detection: 'dict' object has no attribute 'decision_function'
2024-12-30 18:04:27,848 - INFO - Traffic encrypted
2024-12-30 18:04:27,849 - ERROR - Error in intrusion detection: 'dict' object has no attribute 'decision_function'
2024-12-30 18:04:27,951 - INFO - Traffic encrypted
2024-12-30 18:04:27,952 - ERROR - Error in intrusion detection: 'dict' object has no attribute 'decision_function'
2024-12-30 18:04:28,054 - INFO - Traffic encrypted
2024-12-30 18:04:28,055 - ERROR - Error in intrusion detection: 'dict' object has no attribute 'decision_function'
2024-12-30 18:04:28,157 - INFO - Traffic encrypted
2024-12-30 18:04:28,158 - ERROR - Error in intrusion detection: 'dict' object has no attribute 'decision_function'
2024-12-30 18:04:28,260 - INFO - Traffic encrypted
2024-12-30 18:04:28,261 - ERROR - Error in intrusion detection: 'dict' object has no attribute 'decision_function'
2024-12-30 18:04:28,363 - INFO - Traffic encrypted
2024-12-30 18:04:28,364 - ERROR - Error in intrusion detection: 'dict' object has no attribute 'decision_function'
2024-12-30 18:04:28,466 - INFO - Traffic encrypted
2024-12-30 18:04:28,467 - ERROR - Error in intrusion detection: 'dict' object has no attribute 'decision_function'
2024-12-30 18:04:28,569 - INFO - Traffic encrypted
2024-12-30 18:04:28,570 - ERROR - Error in intrusion detection: 'dict' object has no attribute 'decision_function'
2024-12-30 18:04:28,672 - INFO - Traffic encrypted
2024-12-30 18:04:28,674 - ERROR - Error in intrusion detection: 'dict' object has no attribute 'decision_function'
2024-12-30 18:04:28,776 - INFO - Traffic encrypted
2024-12-30 18:04:28,777 - ERROR - Error in intrusion detection: 'dict' object has no attribute 'decision_function'
2024-12-30 18:04:28,879 - INFO - Traffic encrypted
2024-12-30 18:04:28,880 - ERROR - Error in intrusion detection: 'dict' object has no attribute 'decision_function'
2024-12-30 18:04:28,982 - INFO - Traffic encrypted
2024-12-30 18:04:28,982 - ERROR - Error in intrusion detection: 'dict' object has no attribute 'decision_function'
2024-12-30 18:04:29,084 - INFO - Traffic encrypted
2024-12-30 18:04:29,084 - ERROR - Error in intrusion detection: 'dict' object has no attribute 'decision_function'
2024-12-30 18:04:29,186 - INFO - Traffic encrypted
2024-12-30 18:04:29,187 - ERROR - Error in intrusion detection: 'dict' object has no attribute 'decision_function'
2024-12-30 18:04:29,289 - INFO - Traffic encrypted
2024-12-30 18:04:29,289 - ERROR - Error in intrusion detection: 'dict' object has no attribute 'decision_function'
2024-12-30 18:04:29,391 - INFO - Traffic encrypted
2024-12-30 18:04:29,392 - ERROR - Error in intrusion detection: 'dict' object has no attribute 'decision_function'
2024-12-30 18:04:29,494 - INFO - Traffic encrypted
2024-12-30 18:04:29,494 - ERROR - Error in intrusion detection: 'dict' object has no attribute 'decision_function'
2024-12-30 18:04:29,596 - INFO - Traffic encrypted
2024-12-30 18:04:29,597 - ERROR - Error in intrusion detection: 'dict' object has no attribute 'decision_function'
2024-12-30 18:04:29,698 - INFO - Traffic encrypted
2024-12-30 18:04:29,699 - ERROR - Error in intrusion detection: 'dict' object has no attribute 'decision_function'
2024-12-30 18:04:29,801 - INFO - Traffic encrypted
2024-12-30 18:04:29,801 - ERROR - Error in intrusion detection: 'dict' object has no attribute 'decision_function'
2024-12-30 18:04:29,903 - INFO - Traffic encrypted
2024-12-30 18:04:29,904 - ERROR - Error in intrusion detection: 'dict' object has no attribute 'decision_function'
2024-12-30 18:04:30,006 - INFO - Traffic encrypted
2024-12-30 18:04:30,006 - ERROR - Error in intrusion detection: 'dict' object has no attribute 'decision_function'
2024-12-30 18:04:30,108 - INFO - Traffic encrypted
2024-12-30 18:04:30,108 - ERROR - Error in intrusion detection: 'dict' object has no attribute 'decision_function'
2024-12-30 18:04:30,210 - INFO - Traffic encrypted
2024-12-30 18:04:30,211 - ERROR - Error in intrusion detection: 'dict' object has no attribute 'decision_function'
2024-12-30 18:04:30,313 - INFO - Traffic encrypted
2024-12-30 18:04:30,313 - ERROR - Error in intrusion detection: 'dict' object has no attribute 'decision_function'
2024-12-30 18:04:30,415 - INFO - Traffic encrypted
2024-12-30 18:04:30,416 - ERROR - Error in intrusion detection: 'dict' object has no attribute 'decision_function'
2024-12-30 18:04:30,518 - INFO - Traffic encrypted
2024-12-30 18:04:30,518 - ERROR - Error in intrusion detection: 'dict' object has no attribute 'decision_function'
2024-12-30 18:04:30,620 - INFO - Traffic encrypted
2024-12-30 18:04:30,621 - ERROR - Error in intrusion detection: 'dict' object has no attribute 'decision_function'
2024-12-30 18:04:30,723 - INFO - Traffic encrypted
2024-12-30 18:04:30,723 - ERROR - Error in intrusion detection: 'dict' object has no attribute 'decision_function'
2024-12-30 18:04:30,825 - INFO - Traffic encrypted
2024-12-30 18:04:30,825 - ERROR - Error in intrusion detection: 'dict' object has no attribute 'decision_function'
2024-12-30 18:04:30,927 - INFO - Traffic encrypted
2024-12-30 18:04:30,928 - ERROR - Error in intrusion detection: 'dict' object has no attribute 'decision_function'
2024-12-30 18:04:31,030 - INFO - Traffic encrypted
2024-12-30 18:04:31,030 - ERROR - Error in intrusion detection: 'dict' object has no attribute 'decision_function'
2024-12-30 18:04:31,132 - INFO - Traffic encrypted
2024-12-30 18:04:31,133 - ERROR - Error in intrusion detection: 'dict' object has no attribute 'decision_function'
2024-12-30 18:04:31,235 - INFO - Traffic encrypted
2024-12-30 18:04:31,235 - ERROR - Error in intrusion detection: 'dict' object has no attribute 'decision_function'
2024-12-30 18:04:31,337 - INFO - Traffic encrypted
2024-12-30 18:04:31,338 - ERROR - Error in intrusion detection: 'dict' object has no attribute 'decision_function'
2024-12-30 18:04:31,439 - INFO - Traffic encrypted
2024-12-30 18:04:31,440 - ERROR - Error in intrusion detection: 'dict' object has no attribute 'decision_function'
2024-12-30 18:04:31,542 - INFO - Traffic encrypted
2024-12-30 18:04:31,542 - ERROR - Error in intrusion detection: 'dict' object has no attribute 'decision_function'
2024-12-30 18:04:31,644 - INFO - Traffic encrypted
2024-12-30 18:04:31,645 - ERROR - Error in intrusion detection: 'dict' object has no attribute 'decision_function'
2024-12-30 18:04:31,747 - INFO - Traffic encrypted
2024-12-30 18:04:31,747 - ERROR - Error in intrusion detection: 'dict' object has no attribute 'decision_function'
2024-12-30 18:04:31,849 - INFO - Traffic encrypted
2024-12-30 18:04:31,850 - ERROR - Error in intrusion detection: 'dict' object has no attribute 'decision_function'
2024-12-30 18:04:31,952 - INFO - Traffic encrypted
2024-12-30 18:04:31,952 - ERROR - Error in intrusion detection: 'dict' object has no attribute 'decision_function'
2024-12-30 18:04:32,054 - INFO - Traffic encrypted
2024-12-30 18:04:32,054 - ERROR - Error in intrusion detection: 'dict' object has no attribute 'decision_function'
2024-12-30 18:04:32,156 - INFO - Traffic encrypted
2024-12-30 18:04:32,157 - ERROR - Error in intrusion detection: 'dict' object has no attribute 'decision_function'
2024-12-30 18:04:32,259 - INFO - Traffic encrypted
2024-12-30 18:04:32,259 - ERROR - Error in intrusion detection: 'dict' object has no attribute 'decision_function'
2024-12-30 18:04:32,361 - INFO - Traffic encrypted
2024-12-30 18:04:32,362 - ERROR - Error in intrusion detection: 'dict' object has no attribute 'decision_function'
2024-12-30 18:04:32,464 - INFO - Traffic encrypted
2024-12-30 18:04:32,465 - ERROR - Error in intrusion detection: 'dict' object has no attribute 'decision_function'
2024-12-30 18:04:32,567 - INFO - Traffic encrypted
2024-12-30 18:04:32,567 - ERROR - Error in intrusion detection: 'dict' object has no attribute 'decision_function'
2024-12-30 18:04:32,669 - INFO - Traffic encrypted
2024-12-30 18:04:32,669 - ERROR - Error in intrusion detection: 'dict' object has no attribute 'decision_function'
2024-12-30 18:04:32,771 - INFO - Traffic encrypted
2024-12-30 18:04:32,772 - ERROR - Error in intrusion detection: 'dict' object has no attribute 'decision_function'
2024-12-30 18:04:32,874 - INFO - Traffic encrypted
2024-12-30 18:04:32,874 - ERROR - Error in intrusion detection: 'dict' object has no attribute 'decision_function'
2024-12-30 18:04:32,976 - INFO - Traffic encrypted
2024-12-30 18:04:32,977 - ERROR - Error in intrusion detection: 'dict' object has no attribute 'decision_function'
2024-12-30 18:04:33,079 - INFO - Traffic encrypted
2024-12-30 18:04:33,079 - ERROR - Error in intrusion detection: 'dict' object has no attribute 'decision_function'
2024-12-30 18:04:33,181 - INFO - Traffic encrypted
2024-12-30 18:04:33,182 - ERROR - Error in intrusion detection: 'dict' object has no attribute 'decision_function'
2024-12-30 18:04:33,284 - INFO - Traffic encrypted
2024-12-30 18:04:33,284 - ERROR - Error in intrusion detection: 'dict' object has no attribute 'decision_function'
2024-12-30 18:04:33,386 - INFO - Traffic encrypted
2024-12-30 18:04:33,387 - ERROR - Error in intrusion detection: 'dict' object has no attribute 'decision_function'
2024-12-30 18:04:33,489 - INFO - Traffic encrypted
2024-12-30 18:04:33,490 - ERROR - Error in intrusion detection: 'dict' object has no attribute 'decision_function'
2024-12-30 18:04:33,592 - INFO - Traffic encrypted
2024-12-30 18:04:33,593 - ERROR - Error in intrusion detection: 'dict' object has no attribute 'decision_function'
2024-12-30 18:04:33,695 - INFO - Traffic encrypted
2024-12-30 18:04:33,697 - ERROR - Error in intrusion detection: 'dict' object has no attribute 'decision_function'
2024-12-30 18:04:33,799 - INFO - Traffic encrypted
2024-12-30 18:04:33,800 - ERROR - Error in intrusion detection: 'dict' object has no attribute 'decision_function'
2024-12-30 18:04:33,902 - INFO - Traffic encrypted
2024-12-30 18:04:33,903 - ERROR - Error in intrusion detection: 'dict' object has no attribute 'decision_function'
2024-12-30 18:04:34,006 - INFO - Traffic encrypted
2024-12-30 18:04:34,006 - ERROR - Error in intrusion detection: 'dict' object has no attribute 'decision_function'
2024-12-30 18:04:34,108 - INFO - Traffic encrypted
2024-12-30 18:04:34,109 - ERROR - Error in intrusion detection: 'dict' object has no attribute 'decision_function'
2024-12-30 18:04:34,211 - INFO - Traffic encrypted
2024-12-30 18:04:34,212 - ERROR - Error in intrusion detection: 'dict' object has no attribute 'decision_function'
2024-12-30 18:04:34,314 - INFO - Traffic encrypted
2024-12-30 18:04:34,314 - ERROR - Error in intrusion detection: 'dict' object has no attribute 'decision_function'
2024-12-30 18:04:34,416 - INFO - Traffic encrypted
2024-12-30 18:04:34,417 - ERROR - Error in intrusion detection: 'dict' object has no attribute 'decision_function'
2024-12-30 18:04:34,519 - INFO - Traffic encrypted
2024-12-30 18:04:34,519 - ERROR - Error in intrusion detection: 'dict' object has no attribute 'decision_function'
2024-12-30 18:04:34,622 - INFO - Traffic encrypted
2024-12-30 18:04:34,622 - ERROR - Error in intrusion detection: 'dict' object has no attribute 'decision_function'
2024-12-30 18:04:34,724 - INFO - Traffic encrypted
2024-12-30 18:04:34,725 - ERROR - Error in intrusion detection: 'dict' object has no attribute 'decision_function'
2024-12-30 18:04:34,827 - INFO - Traffic encrypted
2024-12-30 18:04:34,827 - ERROR - Error in intrusion detection: 'dict' object has no attribute 'decision_function'
2024-12-30 18:04:34,929 - INFO - Traffic encrypted
2024-12-30 18:04:34,929 - ERROR - Error in intrusion detection: 'dict' object has no attribute 'decision_function'
2024-12-30 18:04:35,031 - INFO - Traffic encrypted
2024-12-30 18:04:35,032 - ERROR - Error in intrusion detection: 'dict' object has no attribute 'decision_function'
2024-12-30 18:04:35,134 - INFO - Traffic encrypted
2024-12-30 18:04:35,134 - ERROR - Error in intrusion detection: 'dict' object has no attribute 'decision_function'
2024-12-30 18:04:35,236 - INFO - Traffic encrypted
2024-12-30 18:04:35,237 - ERROR - Error in intrusion detection: 'dict' object has no attribute 'decision_function'
2024-12-30 18:04:35,339 - INFO - Traffic encrypted
2024-12-30 18:04:35,339 - ERROR - Error in intrusion detection: 'dict' object has no attribute 'decision_function'
2024-12-30 18:04:35,441 - INFO - Traffic encrypted
2024-12-30 18:04:35,441 - ERROR - Error in intrusion detection: 'dict' object has no attribute 'decision_function'
2024-12-30 18:04:35,543 - INFO - Traffic encrypted
2024-12-30 18:04:35,544 - ERROR - Error in intrusion detection: 'dict' object has no attribute 'decision_function'
2024-12-30 18:04:35,646 - INFO - Traffic encrypted
2024-12-30 18:04:35,646 - ERROR - Error in intrusion detection: 'dict' object has no attribute 'decision_function'
2024-12-30 18:04:35,748 - INFO - Traffic encrypted
2024-12-30 18:04:35,749 - ERROR - Error in intrusion detection: 'dict' object has no attribute 'decision_function'
2024-12-30 18:04:35,760 - INFO - Simulation interrupted by user
2024-12-30 18:04:35,760 - INFO - Network simulation stopped
2024-12-30 18:04:35,781 - INFO - Traffic data saved to /home/seyitope/recent_ids_model/results/simulation_results/simulation_20241230_180435/traffic_data.csv
2024-12-30 18:04:35,781 - INFO - 
Simulation completed:
2024-12-30 18:04:35,782 - INFO - Total traffic packets collected: 113
2024-12-30 18:04:35,782 - INFO - Total alerts generated: 0
2024-12-30 18:04:35,782 - INFO - Results saved in: /home/seyitope/recent_ids_model/results/simulation_results/simulation_20241230_180435
