2024-12-30 09:12:41,130 - INFO - Using GPU: NVIDIA GeForce RTX 3080
2024-12-30 09:12:41,130 - INFO - Loading and preprocessing data...
2024-12-30 09:12:41,130 - INFO - Loading training data from /home/seyitope/recent_ids_model/data/UNSW_NB15_training-set.csv
2024-12-30 09:12:41,130 - INFO - Loading testing data from /home/seyitope/recent_ids_model/data/UNSW_NB15_testing-set.csv
2024-12-30 09:12:43,964 - INFO - Data preprocessing completed. Training set shape: (206138, 196)
2024-12-30 09:12:43,976 - INFO - Data loaded successfully. Training set shape: (206138, 196)
2024-12-30 09:12:43,977 - INFO - 
Starting neural model training...
2024-12-30 09:12:44,127 - INFO - 
Training CNN...
2024-12-30 09:12:44,127 - INFO - Training CNN...
2024-12-30 09:18:07,777 - INFO - Epoch 5: Train Loss = 0.1692, Test Loss = 0.1573, Train F1 = 0.9303, Test F1 = 0.9360, LR = 0.000280
2024-12-30 09:23:22,170 - INFO - Epoch 10: Train Loss = 0.1505, Test Loss = 0.1492, Train F1 = 0.9406, Test F1 = 0.9420, LR = 0.000760
2024-12-30 09:28:41,574 - INFO - Epoch 15: Train Loss = 0.1451, Test Loss = 0.1403, Train F1 = 0.9435, Test F1 = 0.9468, LR = 0.001000
2024-12-30 09:34:07,609 - INFO - Epoch 20: Train Loss = 0.1426, Test Loss = 0.1366, Train F1 = 0.9448, Test F1 = 0.9486, LR = 0.000950
2024-12-30 09:39:28,055 - INFO - Epoch 25: Train Loss = 0.1385, Test Loss = 0.1347, Train F1 = 0.9466, Test F1 = 0.9498, LR = 0.000812
2024-12-30 09:41:37,796 - INFO - Early stopping triggered at epoch 27
2024-12-30 09:41:37,818 - INFO - 
Training LSTM...
2024-12-30 09:41:37,818 - INFO - Training LSTM...
2024-12-30 09:47:37,877 - INFO - Epoch 5: Train Loss = 0.2028, Test Loss = 0.1583, Train F1 = 0.9199, Test F1 = 0.9373, LR = 0.000280
2024-12-30 09:53:34,021 - INFO - Epoch 10: Train Loss = 0.1648, Test Loss = 0.1512, Train F1 = 0.9325, Test F1 = 0.9350, LR = 0.000760
2024-12-30 09:59:24,436 - INFO - Epoch 15: Train Loss = 0.1476, Test Loss = 0.1372, Train F1 = 0.9405, Test F1 = 0.9465, LR = 0.001000
2024-12-30 10:05:27,051 - INFO - Epoch 20: Train Loss = 0.1377, Test Loss = 0.1289, Train F1 = 0.9456, Test F1 = 0.9496, LR = 0.000950
2024-12-30 10:11:16,923 - INFO - Epoch 25: Train Loss = 0.1328, Test Loss = 0.1265, Train F1 = 0.9478, Test F1 = 0.9508, LR = 0.000812
2024-12-30 10:17:16,187 - INFO - Epoch 30: Train Loss = 0.1282, Test Loss = 0.1245, Train F1 = 0.9496, Test F1 = 0.9513, LR = 0.000611
