2024-12-29 15:27:08,328 - INFO - Using GPU: NVIDIA GeForce RTX 3080
2024-12-29 15:27:08,328 - INFO - Loading and preprocessing data...
2024-12-29 15:27:08,328 - INFO - Loading training data from /home/seyitope/recent_ids_model/data/UNSW_NB15_training-set.csv
2024-12-29 15:27:08,328 - INFO - Loading testing data from /home/seyitope/recent_ids_model/data/UNSW_NB15_testing-set.csv
2024-12-29 15:27:11,160 - INFO - Data preprocessing completed. Training set shape: (206138, 196)
2024-12-29 15:27:11,166 - INFO - Data loaded successfully. Training set shape: (206138, 196)
2024-12-29 15:27:11,166 - INFO - 
Starting neural model training...
2024-12-29 15:27:11,193 - INFO - 
Training CNN...
2024-12-29 15:27:11,193 - INFO - Training CNN...
2024-12-29 15:27:53,240 - ERROR - Error training CNN: 'f1_score'
2024-12-29 15:27:53,240 - ERROR - Error training CNN: 'f1_score'
2024-12-29 15:27:53,283 - INFO - 
Training LSTM...
2024-12-29 15:27:53,284 - INFO - Training LSTM...
2024-12-29 15:28:33,848 - ERROR - Error training LSTM: 'f1_score'
2024-12-29 15:28:33,848 - ERROR - Error training LSTM: 'f1_score'
2024-12-29 15:28:33,902 - INFO - 
Training DNN...
2024-12-29 15:28:33,902 - INFO - Training DNN...
