2024-12-29 23:28:40,645 - INFO - Using GPU: NVIDIA GeForce RTX 3080
2024-12-29 23:28:40,645 - INFO - Loading and preprocessing data...
2024-12-29 23:28:40,645 - INFO - Loading training data from /home/seyitope/recent_ids_model/data/UNSW_NB15_training-set.csv
2024-12-29 23:28:40,645 - INFO - Loading testing data from /home/seyitope/recent_ids_model/data/UNSW_NB15_testing-set.csv
2024-12-29 23:28:43,457 - INFO - Data preprocessing completed. Training set shape: (206138, 196)
2024-12-29 23:28:43,463 - INFO - Data loaded successfully. Training set shape: (206138, 196)
2024-12-29 23:28:43,464 - INFO - 
Starting neural model training...
2024-12-29 23:28:43,610 - INFO - 
Training CNN...
2024-12-29 23:28:43,610 - INFO - Training CNN...
2024-12-29 23:34:03,864 - INFO - Epoch 5: Train Loss = 0.1691, Test Loss = 0.1586, Train F1 = 0.9286, Test F1 = 0.9360, LR = 0.000280
2024-12-29 23:39:23,699 - INFO - Epoch 10: Train Loss = 0.1500, Test Loss = 0.1428, Train F1 = 0.9411, Test F1 = 0.9478, LR = 0.000760
2024-12-29 23:44:55,568 - INFO - Epoch 15: Train Loss = 0.1454, Test Loss = 0.1392, Train F1 = 0.9437, Test F1 = 0.9478, LR = 0.001000
2024-12-29 23:50:22,676 - INFO - Epoch 20: Train Loss = 0.1423, Test Loss = 0.1416, Train F1 = 0.9455, Test F1 = 0.9456, LR = 0.000950
2024-12-29 23:55:48,294 - INFO - Epoch 25: Train Loss = 0.1381, Test Loss = 0.1338, Train F1 = 0.9465, Test F1 = 0.9503, LR = 0.000812
2024-12-30 00:01:09,937 - INFO - Epoch 30: Train Loss = 0.1356, Test Loss = 0.1313, Train F1 = 0.9475, Test F1 = 0.9497, LR = 0.000611
2024-12-30 00:03:18,586 - INFO - Early stopping triggered at epoch 32
2024-12-30 00:03:18,593 - INFO - 
Training LSTM...
2024-12-30 00:03:18,594 - INFO - Training LSTM...
2024-12-30 00:09:10,738 - INFO - Epoch 5: Train Loss = 0.2080, Test Loss = 0.1576, Train F1 = 0.9191, Test F1 = 0.9360, LR = 0.000280
2024-12-30 00:15:09,074 - INFO - Epoch 10: Train Loss = 0.1657, Test Loss = 0.1472, Train F1 = 0.9328, Test F1 = 0.9423, LR = 0.000760
2024-12-30 00:20:58,981 - INFO - Epoch 15: Train Loss = 0.1488, Test Loss = 0.1407, Train F1 = 0.9392, Test F1 = 0.9438, LR = 0.001000
2024-12-30 00:26:34,728 - INFO - Epoch 20: Train Loss = 0.1402, Test Loss = 0.1344, Train F1 = 0.9446, Test F1 = 0.9467, LR = 0.000950
2024-12-30 00:32:20,748 - INFO - Epoch 25: Train Loss = 0.1333, Test Loss = 0.1260, Train F1 = 0.9472, Test F1 = 0.9503, LR = 0.000812
2024-12-30 00:38:16,900 - INFO - Epoch 30: Train Loss = 0.1286, Test Loss = 0.1297, Train F1 = 0.9492, Test F1 = 0.9482, LR = 0.000611
2024-12-30 00:44:09,986 - INFO - Epoch 35: Train Loss = 0.1253, Test Loss = 0.1225, Train F1 = 0.9506, Test F1 = 0.9527, LR = 0.000389
2024-12-30 00:50:02,795 - INFO - Epoch 40: Train Loss = 0.1212, Test Loss = 0.1197, Train F1 = 0.9522, Test F1 = 0.9535, LR = 0.000188
2024-12-30 00:55:56,642 - INFO - Epoch 45: Train Loss = 0.1187, Test Loss = 0.1191, Train F1 = 0.9535, Test F1 = 0.9537, LR = 0.000050
2024-12-30 01:01:43,891 - INFO - Epoch 50: Train Loss = 0.1182, Test Loss = 0.1190, Train F1 = 0.9536, Test F1 = 0.9541, LR = 0.000000
2024-12-30 01:01:43,945 - INFO - 
Training DNN...
2024-12-30 01:01:43,947 - INFO - Training DNN...
2024-12-30 01:05:12,825 - INFO - Epoch 5: Train Loss = 0.1823, Test Loss = 0.1672, Train F1 = 0.9252, Test F1 = 0.9297, LR = 0.000280
2024-12-30 01:08:43,990 - INFO - Epoch 10: Train Loss = 0.1573, Test Loss = 0.1481, Train F1 = 0.9361, Test F1 = 0.9429, LR = 0.000760
2024-12-30 01:12:15,441 - INFO - Epoch 15: Train Loss = 0.1498, Test Loss = 0.1456, Train F1 = 0.9403, Test F1 = 0.9434, LR = 0.001000
2024-12-30 01:15:48,035 - INFO - Epoch 20: Train Loss = 0.1430, Test Loss = 0.1376, Train F1 = 0.9434, Test F1 = 0.9470, LR = 0.000950
2024-12-30 01:18:36,834 - INFO - Early stopping triggered at epoch 24
2024-12-30 01:18:36,854 - INFO - 
Starting traditional model training...
2024-12-30 01:18:36,854 - INFO - 
Training XGBoost...
2024-12-30 01:18:36,854 - INFO - Training XGBoost...
2024-12-30 01:18:36,855 - ERROR - Error training XGBoost: fit() got an unexpected keyword argument 'early_stopping_rounds'
2024-12-30 01:18:36,855 - ERROR - Error training XGBoost: fit() got an unexpected keyword argument 'early_stopping_rounds'
2024-12-30 01:18:36,855 - INFO - 
Training RandomForest...
2024-12-30 01:18:36,855 - INFO - Training RandomForest...
2024-12-30 01:18:46,785 - ERROR - Error training RandomForest: name 'pd' is not defined
2024-12-30 01:18:46,785 - ERROR - Error training RandomForest: name 'pd' is not defined
2024-12-30 01:18:46,785 - INFO - 
Training SVM...
2024-12-30 01:18:46,785 - INFO - Training SVM...
2024-12-30 01:18:46,785 - ERROR - Error training SVM: name 'LinearSVC' is not defined
2024-12-30 01:18:46,786 - ERROR - Error training SVM: name 'LinearSVC' is not defined
2024-12-30 01:18:46,786 - INFO - 
Training completed. Final results:
2024-12-30 01:18:46,786 - INFO - 
Neural Models:
2024-12-30 01:18:46,786 - INFO - CNN:
2024-12-30 01:18:46,786 - INFO -   accuracy: 0.9370
2024-12-30 01:18:46,786 - INFO -   precision: 0.9632
2024-12-30 01:18:46,786 - INFO -   recall: 0.9372
2024-12-30 01:18:46,786 - INFO -   f1_score: 0.9501
2024-12-30 01:18:46,786 - INFO -   loss: 0.1313
2024-12-30 01:18:46,787 - INFO - LSTM:
2024-12-30 01:18:46,787 - INFO -   accuracy: 0.9415
2024-12-30 01:18:46,787 - INFO -   precision: 0.9556
2024-12-30 01:18:46,787 - INFO -   recall: 0.9527
2024-12-30 01:18:46,787 - INFO -   f1_score: 0.9541
2024-12-30 01:18:46,787 - INFO -   loss: 0.1190
2024-12-30 01:18:46,787 - INFO - DNN:
2024-12-30 01:18:46,787 - INFO -   accuracy: 0.9330
2024-12-30 01:18:46,787 - INFO -   precision: 0.9683
2024-12-30 01:18:46,787 - INFO -   recall: 0.9255
2024-12-30 01:18:46,787 - INFO -   f1_score: 0.9464
2024-12-30 01:18:46,787 - INFO -   loss: 0.1438
2024-12-30 01:18:46,787 - INFO - 
Traditional Models:
