2024-12-30 18:08:32,680 - INFO - Cryptographic keys generated successfully
2024-12-30 18:08:32,681 - INFO - Loading cnn model from /home/seyitope/recent_ids_model/results/models/cnn_model.pth
2024-12-30 18:08:32,684 - ERROR - Error loading cnn model: 'collections.OrderedDict' object has no attribute 'size'
2024-12-30 18:08:32,684 - INFO - Loading lstm model from /home/seyitope/recent_ids_model/results/models/lstm_model.pth
2024-12-30 18:08:32,691 - ERROR - Error loading lstm model: 'collections.OrderedDict' object has no attribute 'size'
2024-12-30 18:08:32,691 - INFO - Loading dnn model from /home/seyitope/recent_ids_model/results/models/dnn_model.pth
2024-12-30 18:08:32,694 - ERROR - Error loading dnn model: 'collections.OrderedDict' object has no attribute 'size'
2024-12-30 18:08:33,119 - INFO - Successfully loaded SVM model
2024-12-30 18:08:33,120 - INFO - Loaded ensemble of 1 models successfully
2024-12-30 18:08:33,121 - INFO - Network simulation started
2024-12-30 18:08:33,123 - INFO - Traffic encrypted
2024-12-30 18:08:33,142 - INFO - Simulation progress: 0.0%
2024-12-30 18:08:33,243 - INFO - Traffic encrypted
2024-12-30 18:08:33,243 - INFO - Simulation progress: 0.0%
2024-12-30 18:08:33,344 - INFO - Traffic encrypted
2024-12-30 18:08:33,345 - INFO - Simulation progress: 0.0%
2024-12-30 18:08:33,446 - INFO - Traffic encrypted
2024-12-30 18:08:33,446 - INFO - Simulation progress: 0.1%
2024-12-30 18:08:33,548 - INFO - Traffic encrypted
2024-12-30 18:08:33,549 - INFO - Simulation progress: 0.1%
2024-12-30 18:08:33,651 - INFO - Traffic encrypted
2024-12-30 18:08:33,651 - INFO - Simulation progress: 0.1%
2024-12-30 18:08:33,753 - INFO - Traffic encrypted
2024-12-30 18:08:33,754 - INFO - Simulation progress: 0.1%
2024-12-30 18:08:33,856 - INFO - Traffic encrypted
2024-12-30 18:08:33,857 - INFO - Simulation progress: 0.1%
2024-12-30 18:08:33,959 - INFO - Traffic encrypted
2024-12-30 18:08:33,959 - INFO - Simulation progress: 0.1%
2024-12-30 18:08:34,061 - INFO - Traffic encrypted
2024-12-30 18:08:34,062 - INFO - Simulation progress: 0.2%
2024-12-30 18:08:34,164 - INFO - Traffic encrypted
2024-12-30 18:08:34,266 - INFO - Traffic encrypted
2024-12-30 18:08:34,369 - INFO - Traffic encrypted
2024-12-30 18:08:34,471 - INFO - Traffic encrypted
2024-12-30 18:08:34,574 - INFO - Traffic encrypted
2024-12-30 18:08:34,676 - INFO - Traffic encrypted
2024-12-30 18:08:34,779 - INFO - Traffic encrypted
2024-12-30 18:08:34,882 - INFO - Traffic encrypted
2024-12-30 18:08:34,984 - INFO - Traffic encrypted
2024-12-30 18:08:35,087 - INFO - Traffic encrypted
2024-12-30 18:08:35,189 - INFO - Traffic encrypted
2024-12-30 18:08:35,292 - INFO - Traffic encrypted
2024-12-30 18:08:35,394 - INFO - Traffic encrypted
2024-12-30 18:08:35,497 - INFO - Traffic encrypted
2024-12-30 18:08:35,599 - INFO - Traffic encrypted
2024-12-30 18:08:35,702 - INFO - Traffic encrypted
2024-12-30 18:08:35,804 - INFO - Traffic encrypted
2024-12-30 18:08:35,907 - INFO - Traffic encrypted
2024-12-30 18:08:36,011 - INFO - Traffic encrypted
2024-12-30 18:08:36,114 - INFO - Traffic encrypted
2024-12-30 18:08:36,217 - INFO - Traffic encrypted
2024-12-30 18:08:36,320 - INFO - Traffic encrypted
2024-12-30 18:08:36,423 - INFO - Traffic encrypted
2024-12-30 18:08:36,526 - INFO - Traffic encrypted
2024-12-30 18:08:36,629 - INFO - Traffic encrypted
2024-12-30 18:08:36,733 - INFO - Traffic encrypted
2024-12-30 18:08:36,835 - INFO - Traffic encrypted
2024-12-30 18:08:36,938 - INFO - Traffic encrypted
2024-12-30 18:08:37,040 - INFO - Traffic encrypted
2024-12-30 18:08:37,143 - INFO - Traffic encrypted
2024-12-30 18:08:37,245 - INFO - Traffic encrypted
2024-12-30 18:08:37,348 - INFO - Traffic encrypted
2024-12-30 18:08:37,374 - INFO - Simulation interrupted by user
2024-12-30 18:08:37,374 - INFO - Network simulation stopped
2024-12-30 18:08:37,386 - INFO - Traffic data saved to /home/seyitope/recent_ids_model/results/simulation_results/simulation_20241230_180837/traffic_data.csv
2024-12-30 18:08:37,387 - INFO - 
Simulation completed:
2024-12-30 18:08:37,387 - INFO - Total traffic packets collected: 42
2024-12-30 18:08:37,387 - INFO - Total alerts generated: 0
2024-12-30 18:08:37,387 - INFO - Results saved in: /home/seyitope/recent_ids_model/results/simulation_results/simulation_20241230_180837
