2024-12-29 15:31:01,348 - INFO - Using GPU: NVIDIA GeForce RTX 3080
2024-12-29 15:31:01,348 - INFO - Loading and preprocessing data...
2024-12-29 15:31:01,348 - INFO - Loading training data from /home/seyitope/recent_ids_model/data/UNSW_NB15_training-set.csv
2024-12-29 15:31:01,348 - INFO - Loading testing data from /home/seyitope/recent_ids_model/data/UNSW_NB15_testing-set.csv
2024-12-29 15:31:04,169 - INFO - Data preprocessing completed. Training set shape: (206138, 196)
2024-12-29 15:31:04,175 - INFO - Data loaded successfully. Training set shape: (206138, 196)
2024-12-29 15:31:04,175 - INFO - 
Starting neural model training...
2024-12-29 15:31:04,201 - INFO - 
Training CNN...
2024-12-29 15:31:04,201 - INFO - Training CNN...
2024-12-29 15:31:46,553 - ERROR - Error training CNN: 'f1_score'
2024-12-29 15:31:46,554 - ERROR - Error training CNN: 'f1_score'
2024-12-29 15:31:46,554 - INFO - 
Training LSTM...
2024-12-29 15:31:46,554 - INFO - Training LSTM...
2024-12-29 15:32:24,445 - ERROR - Error training LSTM: 'f1_score'
2024-12-29 15:32:24,445 - ERROR - Error training LSTM: 'f1_score'
2024-12-29 15:32:24,457 - INFO - 
Training DNN...
2024-12-29 15:32:24,458 - INFO - Training DNN...
