2024-12-29 15:36:19,980 - INFO - Using GPU: NVIDIA GeForce RTX 3080
2024-12-29 15:36:19,980 - INFO - Loading and preprocessing data...
2024-12-29 15:36:19,981 - INFO - Loading training data from /home/seyitope/recent_ids_model/data/UNSW_NB15_training-set.csv
2024-12-29 15:36:19,981 - INFO - Loading testing data from /home/seyitope/recent_ids_model/data/UNSW_NB15_testing-set.csv
2024-12-29 15:36:22,797 - INFO - Data preprocessing completed. Training set shape: (206138, 196)
2024-12-29 15:36:22,803 - INFO - Data loaded successfully. Training set shape: (206138, 196)
2024-12-29 15:36:22,803 - INFO - 
Starting neural model training...
2024-12-29 15:36:22,829 - INFO - 
Training CNN...
2024-12-29 15:36:22,829 - INFO - Training CNN...
2024-12-29 15:37:04,235 - ERROR - Error training CNN: 'f1_score'
2024-12-29 15:37:04,235 - ERROR - Error training CNN: 'f1_score'
2024-12-29 15:37:04,235 - INFO - 
Training LSTM...
2024-12-29 15:37:04,235 - INFO - Training LSTM...
2024-12-29 15:37:43,419 - ERROR - Error training LSTM: 'f1_score'
2024-12-29 15:37:43,419 - ERROR - Error training LSTM: 'f1_score'
2024-12-29 15:37:43,431 - INFO - 
Training DNN...
2024-12-29 15:37:43,431 - INFO - Training DNN...
2024-12-29 15:38:15,123 - ERROR - Error training DNN: 'f1_score'
2024-12-29 15:38:15,123 - ERROR - Error training DNN: 'f1_score'
2024-12-29 15:38:15,136 - INFO - 
Starting traditional model training...
2024-12-29 15:38:15,136 - INFO - 
Training XGBoost...
2024-12-29 15:38:15,136 - INFO - Training XGBoost...
2024-12-29 15:38:17,675 - ERROR - Error training XGBoost: 'loss'
2024-12-29 15:38:17,675 - ERROR - Error training XGBoost: 'loss'
2024-12-29 15:38:17,675 - INFO - 
Training RandomForest...
2024-12-29 15:38:17,675 - INFO - Training RandomForest...
2024-12-29 15:38:17,675 - ERROR - Error training RandomForest: fit() got an unexpected keyword argument 'eval_set'
2024-12-29 15:38:17,675 - ERROR - Error training RandomForest: fit() got an unexpected keyword argument 'eval_set'
2024-12-29 15:38:17,676 - INFO - 
Training SVM...
2024-12-29 15:38:17,676 - INFO - Training SVM...
