2024-12-30 01:35:45,150 - INFO - Using GPU: NVIDIA GeForce RTX 3080
2024-12-30 01:35:45,150 - INFO - Loading and preprocessing data...
2024-12-30 01:35:45,150 - INFO - Loading training data from /home/seyitope/recent_ids_model/data/UNSW_NB15_training-set.csv
2024-12-30 01:35:45,150 - INFO - Loading testing data from /home/seyitope/recent_ids_model/data/UNSW_NB15_testing-set.csv
2024-12-30 01:35:47,999 - INFO - Data preprocessing completed. Training set shape: (206138, 196)
2024-12-30 01:35:48,011 - INFO - Data loaded successfully. Training set shape: (206138, 196)
2024-12-30 01:35:48,011 - INFO - 
Starting neural model training...
2024-12-30 01:35:48,149 - INFO - 
Training CNN...
2024-12-30 01:35:48,150 - INFO - Training CNN...
2024-12-30 01:41:19,905 - INFO - Epoch 5: Train Loss = 0.1696, Test Loss = 0.1592, Train F1 = 0.9287, Test F1 = 0.9365, LR = 0.000280
2024-12-30 01:46:36,361 - INFO - Epoch 10: Train Loss = 0.1507, Test Loss = 0.1406, Train F1 = 0.9407, Test F1 = 0.9473, LR = 0.000760
2024-12-30 01:52:07,697 - INFO - Epoch 15: Train Loss = 0.1470, Test Loss = 0.1363, Train F1 = 0.9429, Test F1 = 0.9487, LR = 0.001000
2024-12-30 01:57:37,862 - INFO - Epoch 20: Train Loss = 0.1425, Test Loss = 0.1429, Train F1 = 0.9447, Test F1 = 0.9499, LR = 0.000950
2024-12-30 02:03:08,664 - INFO - Epoch 25: Train Loss = 0.1393, Test Loss = 0.1364, Train F1 = 0.9458, Test F1 = 0.9488, LR = 0.000812
2024-12-30 02:03:08,664 - INFO - Early stopping triggered at epoch 25
2024-12-30 02:03:08,683 - INFO - 
Training LSTM...
2024-12-30 02:03:08,684 - INFO - Training LSTM...
2024-12-30 02:09:07,026 - INFO - Epoch 5: Train Loss = 0.2142, Test Loss = 0.1716, Train F1 = 0.9173, Test F1 = 0.9263, LR = 0.000280
2024-12-30 02:15:02,086 - INFO - Epoch 10: Train Loss = 0.1674, Test Loss = 0.1476, Train F1 = 0.9314, Test F1 = 0.9379, LR = 0.000760
2024-12-30 02:20:56,899 - INFO - Epoch 15: Train Loss = 0.1501, Test Loss = 0.1396, Train F1 = 0.9390, Test F1 = 0.9421, LR = 0.001000
2024-12-30 02:26:49,948 - INFO - Epoch 20: Train Loss = 0.1399, Test Loss = 0.1310, Train F1 = 0.9443, Test F1 = 0.9484, LR = 0.000950
2024-12-30 02:32:44,139 - INFO - Epoch 25: Train Loss = 0.1327, Test Loss = 0.1268, Train F1 = 0.9476, Test F1 = 0.9507, LR = 0.000812
2024-12-30 02:38:38,118 - INFO - Epoch 30: Train Loss = 0.1284, Test Loss = 0.1254, Train F1 = 0.9496, Test F1 = 0.9516, LR = 0.000611
2024-12-30 02:44:34,498 - INFO - Epoch 35: Train Loss = 0.1239, Test Loss = 0.1225, Train F1 = 0.9514, Test F1 = 0.9529, LR = 0.000389
2024-12-30 02:50:29,444 - INFO - Epoch 40: Train Loss = 0.1206, Test Loss = 0.1207, Train F1 = 0.9527, Test F1 = 0.9538, LR = 0.000188
2024-12-30 02:56:24,424 - INFO - Epoch 45: Train Loss = 0.1184, Test Loss = 0.1193, Train F1 = 0.9539, Test F1 = 0.9545, LR = 0.000050
2024-12-30 03:02:19,910 - INFO - Epoch 50: Train Loss = 0.1176, Test Loss = 0.1192, Train F1 = 0.9539, Test F1 = 0.9544, LR = 0.000000
2024-12-30 03:02:19,963 - INFO - 
Training DNN...
2024-12-30 03:02:19,965 - INFO - Training DNN...
2024-12-30 03:05:47,784 - INFO - Epoch 5: Train Loss = 0.1808, Test Loss = 0.1715, Train F1 = 0.9267, Test F1 = 0.9364, LR = 0.000280
2024-12-30 03:09:17,081 - INFO - Epoch 10: Train Loss = 0.1569, Test Loss = 0.1492, Train F1 = 0.9358, Test F1 = 0.9414, LR = 0.000760
2024-12-30 03:12:46,362 - INFO - Epoch 15: Train Loss = 0.1484, Test Loss = 0.1434, Train F1 = 0.9408, Test F1 = 0.9445, LR = 0.001000
2024-12-30 03:16:16,438 - INFO - Epoch 20: Train Loss = 0.1421, Test Loss = 0.1414, Train F1 = 0.9440, Test F1 = 0.9470, LR = 0.000950
2024-12-30 03:19:50,135 - INFO - Epoch 25: Train Loss = 0.1397, Test Loss = 0.1384, Train F1 = 0.9454, Test F1 = 0.9495, LR = 0.000812
2024-12-30 03:23:12,498 - INFO - Epoch 30: Train Loss = 0.1365, Test Loss = 0.1343, Train F1 = 0.9469, Test F1 = 0.9502, LR = 0.000611
2024-12-30 03:26:26,682 - INFO - Epoch 35: Train Loss = 0.1334, Test Loss = 0.1427, Train F1 = 0.9479, Test F1 = 0.9465, LR = 0.000389
2024-12-30 03:29:59,525 - INFO - Epoch 40: Train Loss = 0.1315, Test Loss = 0.1624, Train F1 = 0.9483, Test F1 = 0.9283, LR = 0.000188
2024-12-30 03:33:23,780 - INFO - Epoch 45: Train Loss = 0.1300, Test Loss = 0.1295, Train F1 = 0.9492, Test F1 = 0.9515, LR = 0.000050
2024-12-30 03:36:34,212 - INFO - Epoch 50: Train Loss = 0.1297, Test Loss = 0.1289, Train F1 = 0.9493, Test F1 = 0.9518, LR = 0.000000
2024-12-30 03:36:34,233 - INFO - 
Starting traditional model training...
2024-12-30 03:36:34,233 - INFO - 
Training XGBoost...
2024-12-30 03:36:34,233 - INFO - Training XGBoost...
2024-12-30 03:36:40,524 - INFO - XGBoost training completed
2024-12-30 03:36:40,524 - INFO - Test metrics: {'accuracy': 0.9480159115164452, 'precision': 0.9649333087466961, 'recall': 0.9533019584029149, 'f1_score': 0.959082369831839}
2024-12-30 03:36:40,529 - INFO - 
Training RandomForest...
2024-12-30 03:36:40,529 - INFO - Training RandomForest...
2024-12-30 03:36:54,360 - INFO - Top 10 important features:
6     0.096288
28    0.065219
8     0.050297
3     0.046515
23    0.045752
4     0.042277
9     0.038418
5     0.038163
37    0.036102
7     0.034905
dtype: float64
2024-12-30 03:36:54,385 - INFO - RandomForest training completed
2024-12-30 03:36:54,385 - INFO - Test metrics: {'accuracy': 0.9458232269331522, 'precision': 0.9768405732907267, 'recall': 0.9374525580689237, 'f1_score': 0.9567413467199652}
2024-12-30 03:36:54,918 - INFO - 
Training SVM...
2024-12-30 03:36:54,919 - INFO - Training SVM...
2024-12-30 03:40:21,897 - INFO - SVM training completed
2024-12-30 03:40:21,897 - INFO - Test metrics: {'accuracy': 0.9026098767827689, 'precision': 0.9355341987019471, 'recall': 0.9103385456201609, 'f1_score': 0.9227644153086192}
2024-12-30 03:40:21,899 - INFO - 
Training completed. Final results:
2024-12-30 03:40:21,899 - INFO - 
Neural Models:
2024-12-30 03:40:21,899 - INFO - CNN:
2024-12-30 03:40:21,899 - INFO -   accuracy: 0.9355
2024-12-30 03:40:21,899 - INFO -   precision: 0.9629
2024-12-30 03:40:21,899 - INFO -   recall: 0.9351
2024-12-30 03:40:21,899 - INFO -   f1_score: 0.9488
2024-12-30 03:40:21,899 - INFO -   loss: 0.1364
2024-12-30 03:40:21,900 - INFO - LSTM:
2024-12-30 03:40:21,900 - INFO -   accuracy: 0.9418
2024-12-30 03:40:21,900 - INFO -   precision: 0.9551
2024-12-30 03:40:21,900 - INFO -   recall: 0.9538
2024-12-30 03:40:21,900 - INFO -   f1_score: 0.9544
2024-12-30 03:40:21,900 - INFO -   loss: 0.1192
2024-12-30 03:40:21,900 - INFO - DNN:
2024-12-30 03:40:21,900 - INFO -   accuracy: 0.9382
2024-12-30 03:40:21,900 - INFO -   precision: 0.9476
2024-12-30 03:40:21,900 - INFO -   recall: 0.9561
2024-12-30 03:40:21,900 - INFO -   f1_score: 0.9518
2024-12-30 03:40:21,900 - INFO -   loss: 0.1289
2024-12-30 03:40:21,900 - INFO - 
Traditional Models:
2024-12-30 03:40:21,900 - INFO - XGBoost:
2024-12-30 03:40:21,900 - INFO -   accuracy: 0.9480
2024-12-30 03:40:21,900 - INFO -   precision: 0.9649
2024-12-30 03:40:21,900 - INFO -   recall: 0.9533
2024-12-30 03:40:21,900 - INFO -   f1_score: 0.9591
2024-12-30 03:40:21,900 - INFO - RandomForest:
2024-12-30 03:40:21,900 - INFO -   accuracy: 0.9458
2024-12-30 03:40:21,900 - INFO -   precision: 0.9768
2024-12-30 03:40:21,900 - INFO -   recall: 0.9375
2024-12-30 03:40:21,900 - INFO -   f1_score: 0.9567
2024-12-30 03:40:21,900 - INFO - SVM:
2024-12-30 03:40:21,900 - INFO -   accuracy: 0.9026
2024-12-30 03:40:21,901 - INFO -   precision: 0.9355
2024-12-30 03:40:21,901 - INFO -   recall: 0.9103
2024-12-30 03:40:21,901 - INFO -   f1_score: 0.9228
