2024-12-29 15:19:39,860 - INFO - Using GPU: NVIDIA GeForce RTX 3080
2024-12-29 15:19:39,860 - INFO - Loading and preprocessing data...
2024-12-29 15:19:39,860 - INFO - Loading training data from /home/seyitope/recent_ids_model/data/UNSW_NB15_training-set.csv
2024-12-29 15:19:39,860 - INFO - Loading testing data from /home/seyitope/recent_ids_model/data/UNSW_NB15_testing-set.csv
2024-12-29 15:19:42,664 - INFO - Data preprocessing completed. Training set shape: (206138, 196)
2024-12-29 15:19:42,676 - INFO - Data loaded successfully. Training set shape: (206138, 196)
2024-12-29 15:19:42,676 - INFO - 
Starting neural model training...
2024-12-29 15:19:42,705 - INFO - 
Training CNN...
2024-12-29 15:19:42,705 - INFO - Training CNN...
2024-12-29 15:20:26,254 - ERROR - Error training CNN: 'f1_score'
2024-12-29 15:20:26,254 - ERROR - Error training CNN: 'f1_score'
2024-12-29 15:20:26,304 - INFO - 
Training LSTM...
2024-12-29 15:20:26,304 - INFO - Training LSTM...
2024-12-29 15:21:06,903 - ERROR - Error training LSTM: 'f1_score'
2024-12-29 15:21:06,903 - ERROR - Error training LSTM: 'f1_score'
2024-12-29 15:21:06,953 - INFO - 
Training DNN...
2024-12-29 15:21:06,954 - INFO - Training DNN...
